Build started 09/02/2017 10:18:58.
     1>Project "E:\Console Development\Lecture 5\Lecture 5 Exercise 01\Lecture 5 Exercise 01\Lecture 5 Exercise 01.vcxproj" on node 2 (Build target(s)).
     1>Link:
         C:\Program Files (x86)\SCE\ORBIS SDKs\2.500\host_tools\bin\orbis-clang.exe -o "E:\Console Development\Lecture 5\Lecture 5 Exercise 01\ORBIS_Debug\Lecture 5 Exercise 01.elf" -Wl,--start-group ORBIS_Debug\main.o ORBIS_Debug\renderer.o "-lSceDbgEnC" -Wl,--end-group
         orbis-ld 2.50.0.1965 (rel,orbis,2.500,linker,common,src @253935 x64) C:\Program Files (x86)\SCE\ORBIS SDKs\2.500\host_tools\bin\orbis-ld.exe
     1>Command line : error : L0039: reference to undefined symbol `sce::Gnm::Buffer::initAsVertexBuffer(void*, sce::Gnm::DataFormat, unsigned int, unsigned int)' in file "E:\Console Development\Lecture 5\Lecture 5 Exercise 01\Lecture 5 Exercise 01\ORBIS_Debug\renderer.o"
     1>Command line : error : L0039: reference to undefined symbol `sceVideoOutOpen' in file "E:\Console Development\Lecture 5\Lecture 5 Exercise 01\Lecture 5 Exercise 01\ORBIS_Debug\renderer.o"
     1>Command line : error : L0039: reference to undefined symbol `sceVideoOutSetFlipRate' in file "E:\Console Development\Lecture 5\Lecture 5 Exercise 01\Lecture 5 Exercise 01\ORBIS_Debug\renderer.o"
     1>Command line : error : L0039: reference to undefined symbol `sce::Gnm::addEqEvent(_SceKernelEqueue*, sce::Gnm::EqEventType, void*)' in file "E:\Console Development\Lecture 5\Lecture 5 Exercise 01\Lecture 5 Exercise 01\ORBIS_Debug\renderer.o"
     1>Command line : error : L0039: reference to undefined symbol `sce::Gnmx::computeVsFetchShaderSize(sce::Gnmx::VsShader const*)' in file "E:\Console Development\Lecture 5\Lecture 5 Exercise 01\Lecture 5 Exercise 01\ORBIS_Debug\renderer.o"
     1>Command line : error : L0039: reference to undefined symbol `sce::Gnmx::generateVsFetchShader(void*, unsigned int*, sce::Gnmx::VsShader const*, sce::Gnm::FetchShaderInstancingMode const*)' in file "E:\Console Development\Lecture 5\Lecture 5 Exercise 01\Lecture 5 Exercise 01\ORBIS_Debug\renderer.o"
     1>Command line : error : L0039: reference to undefined symbol `sce::Gnmx::ConstantUpdateEngine::computeHeapSize(unsigned int)' in file "E:\Console Development\Lecture 5\Lecture 5 Exercise 01\Lecture 5 Exercise 01\ORBIS_Debug\renderer.o"
     1>Command line : error : L0039: reference to undefined symbol `sce::Gnmx::GfxContext::init(void*, unsigned int, void*, unsigned int, void*, unsigned int)' in file "E:\Console Development\Lecture 5\Lecture 5 Exercise 01\Lecture 5 Exercise 01\ORBIS_Debug\renderer.o"
     1>Command line : error : L0039: reference to undefined symbol `sce::GpuAddress::computeSurfaceTileMode(sce::Gnm::TileMode*, sce::GpuAddress::SurfaceType, sce::Gnm::DataFormat, unsigned int)' in file "E:\Console Development\Lecture 5\Lecture 5 Exercise 01\Lecture 5 Exercise 01\ORBIS_Debug\renderer.o"
     1>Command line : error : L0039: reference to undefined symbol `sceVideoOutSetBufferAttribute' in file "E:\Console Development\Lecture 5\Lecture 5 Exercise 01\Lecture 5 Exercise 01\ORBIS_Debug\renderer.o"
     1>Command line : error : L0039: reference to undefined symbol `sceVideoOutRegisterBuffers' in file "E:\Console Development\Lecture 5\Lecture 5 Exercise 01\Lecture 5 Exercise 01\ORBIS_Debug\renderer.o"
     1>Command line : error : L0039: reference to undefined symbol `sce::Gnm::DataFormat::build(sce::Gnm::ZFormat)' in file "E:\Console Development\Lecture 5\Lecture 5 Exercise 01\Lecture 5 Exercise 01\ORBIS_Debug\renderer.o"
     1>Command line : error : L0039: reference to undefined symbol `sce::Gnm::DataFormat::getZFormat() const' in file "E:\Console Development\Lecture 5\Lecture 5 Exercise 01\Lecture 5 Exercise 01\ORBIS_Debug\renderer.o"
     1>Command line : error : L0039: reference to undefined symbol `sce::Gnmx::GfxContext::reset()' in file "E:\Console Development\Lecture 5\Lecture 5 Exercise 01\Lecture 5 Exercise 01\ORBIS_Debug\renderer.o"
     1>Command line : error : L0039: reference to undefined symbol `sce::Gnmx::BaseGfxContext::setRenderTarget(unsigned int, sce::Gnm::RenderTarget const*)' in file "E:\Console Development\Lecture 5\Lecture 5 Exercise 01\Lecture 5 Exercise 01\ORBIS_Debug\renderer.o"
     1>Command line : error : L0039: reference to undefined symbol `sce::Gnm::DepthStencilControl::init()' in file "E:\Console Development\Lecture 5\Lecture 5 Exercise 01\Lecture 5 Exercise 01\ORBIS_Debug\renderer.o"
     1>Command line : error : L0039: reference to undefined symbol `sce::Gnm::DepthStencilControl::setDepthControl(sce::Gnm::DepthControlZWrite, sce::Gnm::CompareFunc)' in file "E:\Console Development\Lecture 5\Lecture 5 Exercise 01\Lecture 5 Exercise 01\ORBIS_Debug\renderer.o"
     1>Command line : error : L0039: reference to undefined symbol `sce::Gnm::DepthStencilControl::setDepthEnable(bool)' in file "E:\Console Development\Lecture 5\Lecture 5 Exercise 01\Lecture 5 Exercise 01\ORBIS_Debug\renderer.o"
     1>Command line : error : L0039: reference to undefined symbol `sce::Gnm::PrimitiveSetup::init()' in file "E:\Console Development\Lecture 5\Lecture 5 Exercise 01\Lecture 5 Exercise 01\ORBIS_Debug\renderer.o"
     1>Command line : error : L0039: reference to undefined symbol `sce::Gnm::PrimitiveSetup::setCullFace(sce::Gnm::PrimitiveSetupCullFaceMode)' in file "E:\Console Development\Lecture 5\Lecture 5 Exercise 01\Lecture 5 Exercise 01\ORBIS_Debug\renderer.o"
     1>Command line : error : L0039: reference to undefined symbol `sce::Gnm::PrimitiveSetup::setFrontFace(sce::Gnm::PrimitiveSetupFrontFace)' in file "E:\Console Development\Lecture 5\Lecture 5 Exercise 01\Lecture 5 Exercise 01\ORBIS_Debug\renderer.o"
     1>Command line : error : L0039: reference to undefined symbol `sce::Gnm::BlendControl::init()' in file "E:\Console Development\Lecture 5\Lecture 5 Exercise 01\Lecture 5 Exercise 01\ORBIS_Debug\renderer.o"
     1>Command line : error : L0039: reference to undefined symbol `sce::Gnm::BlendControl::setBlendEnable(bool)' in file "E:\Console Development\Lecture 5\Lecture 5 Exercise 01\Lecture 5 Exercise 01\ORBIS_Debug\renderer.o"
     1>Command line : error : L0039: reference to undefined symbol `sce::Gnm::BlendControl::setColorEquation(sce::Gnm::BlendMultiplier, sce::Gnm::BlendFunc, sce::Gnm::BlendMultiplier)' in file "E:\Console Development\Lecture 5\Lecture 5 Exercise 01\Lecture 5 Exercise 01\ORBIS_Debug\renderer.o"
     1>Command line : error : L0039: reference to undefined symbol `sce::Gnm::Buffer::initAsConstantBuffer(void*, unsigned int)' in file "E:\Console Development\Lecture 5\Lecture 5 Exercise 01\Lecture 5 Exercise 01\ORBIS_Debug\renderer.o"
     1>Command line : error : L0039: reference to undefined symbol `sce::Gnmx::GfxContext::submitAndFlip(unsigned int, unsigned int, unsigned int, long, void*, unsigned int)' in file "E:\Console Development\Lecture 5\Lecture 5 Exercise 01\Lecture 5 Exercise 01\ORBIS_Debug\renderer.o"
     1>Command line : error : L0039: reference to undefined symbol `sce::Gnm::submitDone()' in file "E:\Console Development\Lecture 5\Lecture 5 Exercise 01\Lecture 5 Exercise 01\ORBIS_Debug\renderer.o"
     1>Command line : error : L0039: reference to undefined symbol `sce::Gnm::DbRenderControl::init()' in file "E:\Console Development\Lecture 5\Lecture 5 Exercise 01\Lecture 5 Exercise 01\ORBIS_Debug\renderer.o"
     1>Command line : error : L0039: reference to undefined symbol `sce::Gnm::DbRenderControl::setDepthClearEnable(bool)' in file "E:\Console Development\Lecture 5\Lecture 5 Exercise 01\Lecture 5 Exercise 01\ORBIS_Debug\renderer.o"
     1>Command line : error : L0039: reference to undefined symbol `sce::Gnm::DepthStencilControl::setStencilFunction(sce::Gnm::CompareFunc)' in file "E:\Console Development\Lecture 5\Lecture 5 Exercise 01\Lecture 5 Exercise 01\ORBIS_Debug\renderer.o"
     1>Command line : error : L0039: reference to undefined symbol `sce::Gnm::deleteEqEvent(_SceKernelEqueue*, sce::Gnm::EqEventType)' in file "E:\Console Development\Lecture 5\Lecture 5 Exercise 01\Lecture 5 Exercise 01\ORBIS_Debug\renderer.o"
     1>Command line : error : L0039: reference to undefined symbol `sceVideoOutClose' in file "E:\Console Development\Lecture 5\Lecture 5 Exercise 01\Lecture 5 Exercise 01\ORBIS_Debug\renderer.o"
     1>Command line : error : L0039: reference to undefined symbol `sce::Gnm::Buffer::setResourceMemoryType(sce::Gnm::ResourceMemoryType)' in file "E:\Console Development\Lecture 5\Lecture 5 Exercise 01\Lecture 5 Exercise 01\ORBIS_Debug\renderer.o"
     1>Command line : error : L0039: reference to undefined symbol `sce::Gnmx::renderFullScreenQuad(sce::Gnmx::GfxContext*)' in file "E:\Console Development\Lecture 5\Lecture 5 Exercise 01\Lecture 5 Exercise 01\ORBIS_Debug\renderer.o"
     1>Command line : error : L0039: reference to undefined symbol `sce::Gnm::Buffer::initAsDataBuffer(void*, sce::Gnm::DataFormat, unsigned int)' in file "E:\Console Development\Lecture 5\Lecture 5 Exercise 01\Lecture 5 Exercise 01\ORBIS_Debug\renderer.o"
     1>Command line : error : L0039: reference to undefined symbol `sce::Gnm::DrawCommandBuffer::allocateFromCommandBuffer(unsigned int, sce::Gnm::EmbeddedDataAlignment)' in file "E:\Console Development\Lecture 5\Lecture 5 Exercise 01\Lecture 5 Exercise 01\ORBIS_Debug\renderer.o"
     1>Command line : error : L0039: reference to undefined symbol `sce::Gnm::DrawCommandBuffer::writeAtEndOfShader(sce::Gnm::EndOfShaderEventType, void*, unsigned int)' in file "E:\Console Development\Lecture 5\Lecture 5 Exercise 01\Lecture 5 Exercise 01\ORBIS_Debug\renderer.o"
     1>Command line : error : L0039: reference to undefined symbol `sce::Gnm::DrawCommandBuffer::waitOnAddress(void*, unsigned int, sce::Gnm::WaitCompareFunc, unsigned int)' in file "E:\Console Development\Lecture 5\Lecture 5 Exercise 01\Lecture 5 Exercise 01\ORBIS_Debug\renderer.o"
     1>Command line : error : L0039: reference to undefined symbol `sce::Gnm::DrawCommandBuffer::flushShaderCachesAndWait(sce::Gnm::CacheAction, unsigned int, sce::Gnm::StallCommandBufferParserMode)' in file "E:\Console Development\Lecture 5\Lecture 5 Exercise 01\Lecture 5 Exercise 01\ORBIS_Debug\renderer.o"
     1>Command line : error : L0039: reference to undefined symbol `sce::Gnm::Texture::initAs2dArray(unsigned int, unsigned int, unsigned int, unsigned int, unsigned int, sce::Gnm::DataFormat, sce::Gnm::TileMode, sce::Gnm::NumFragments, bool)' in file "E:\Console Development\Lecture 5\Lecture 5 Exercise 01\Lecture 5 Exercise 01\ORBIS_Debug\renderer.o"
     1>Command line : error : L0039: reference to undefined symbol `sce::Gnm::getErrorResponseLevel()' in file "E:\Console Development\Lecture 5\Lecture 5 Exercise 01\Lecture 5 Exercise 01\ORBIS_Debug\renderer.o"
     1>Command line : error : L0039: reference to undefined symbol `sce::Gnm::printErrorMessage(char const*, unsigned int, char const*, char const*, ...)' in file "E:\Console Development\Lecture 5\Lecture 5 Exercise 01\Lecture 5 Exercise 01\ORBIS_Debug\renderer.o"
     1>Command line : error : L0039: reference to undefined symbol `sce::Gnm::RenderTarget::init(unsigned int, unsigned int, unsigned int, unsigned int, sce::Gnm::DataFormat, sce::Gnm::TileMode, sce::Gnm::NumSamples, sce::Gnm::NumFragments, sce::Gnm::SizeAlign*, sce::Gnm::SizeAlign*)' in file "E:\Console Development\Lecture 5\Lecture 5 Exercise 01\Lecture 5 Exercise 01\ORBIS_Debug\renderer.o"
     1>Command line : error : L0039: reference to undefined symbol `sce::Gnm::DepthRenderTarget::init(unsigned int, unsigned int, unsigned int, unsigned int, sce::Gnm::ZFormat, sce::Gnm::StencilFormat, sce::Gnm::TileMode, sce::Gnm::NumFragments, sce::Gnm::SizeAlign*, sce::Gnm::SizeAlign*)' in file "E:\Console Development\Lecture 5\Lecture 5 Exercise 01\Lecture 5 Exercise 01\ORBIS_Debug\renderer.o"
     1>Command line : error : L0039: reference to undefined symbol `sce::Gnm::DrawCommandBuffer::waitUntilSafeForRendering(unsigned int, unsigned int)' in file "E:\Console Development\Lecture 5\Lecture 5 Exercise 01\Lecture 5 Exercise 01\ORBIS_Debug\renderer.o"
     1>Command line : error : L0039: reference to undefined symbol `sce::Gnmx::setupScreenViewport(sce::Gnm::DrawCommandBuffer*, unsigned int, unsigned int, unsigned int, unsigned int, float, float)' in file "E:\Console Development\Lecture 5\Lecture 5 Exercise 01\Lecture 5 Exercise 01\ORBIS_Debug\renderer.o"
     1>Command line : error : L0039: reference to undefined symbol `sce::Gnm::DrawCommandBuffer::setDepthRenderTarget(sce::Gnm::DepthRenderTarget const*)' in file "E:\Console Development\Lecture 5\Lecture 5 Exercise 01\Lecture 5 Exercise 01\ORBIS_Debug\renderer.o"
     1>Command line : error : L0039: reference to undefined symbol `sce::Gnm::DrawCommandBuffer::setDepthStencilControl(sce::Gnm::DepthStencilControl)' in file "E:\Console Development\Lecture 5\Lecture 5 Exercise 01\Lecture 5 Exercise 01\ORBIS_Debug\renderer.o"
     1>Command line : error : L0039: reference to undefined symbol `sce::Gnm::DrawCommandBuffer::setPrimitiveSetup(sce::Gnm::PrimitiveSetup)' in file "E:\Console Development\Lecture 5\Lecture 5 Exercise 01\Lecture 5 Exercise 01\ORBIS_Debug\renderer.o"
     1>Command line : error : L0039: reference to undefined symbol `sce::Gnm::DrawCommandBuffer::setBlendControl(unsigned int, sce::Gnm::BlendControl)' in file "E:\Console Development\Lecture 5\Lecture 5 Exercise 01\Lecture 5 Exercise 01\ORBIS_Debug\renderer.o"
     1>Command line : error : L0039: reference to undefined symbol `sce::Gnm::DrawCommandBuffer::setRenderTargetMask(unsigned int)' in file "E:\Console Development\Lecture 5\Lecture 5 Exercise 01\Lecture 5 Exercise 01\ORBIS_Debug\renderer.o"
     1>Command line : error : L0039: reference to undefined symbol `sce::Gnm::DrawCommandBuffer::setActiveShaderStages(sce::Gnm::ActiveShaderStages)' in file "E:\Console Development\Lecture 5\Lecture 5 Exercise 01\Lecture 5 Exercise 01\ORBIS_Debug\renderer.o"
     1>Command line : error : L0039: reference to undefined symbol `sce::Gnmx::ConstantUpdateEngine::setVertexBuffers(sce::Gnm::ShaderStage, unsigned int, unsigned int, sce::Gnm::Buffer const*)' in file "E:\Console Development\Lecture 5\Lecture 5 Exercise 01\Lecture 5 Exercise 01\ORBIS_Debug\renderer.o"
     1>Command line : error : L0039: reference to undefined symbol `sce::Gnmx::ConstantUpdateEngine::setTexture(sce::Gnm::ShaderStage, unsigned int, sce::Gnm::Texture const*)' in file "E:\Console Development\Lecture 5\Lecture 5 Exercise 01\Lecture 5 Exercise 01\ORBIS_Debug\renderer.o"
     1>Command line : error : L0039: reference to undefined symbol `sce::Gnmx::ConstantUpdateEngine::setTextures(sce::Gnm::ShaderStage, unsigned int, unsigned int, sce::Gnm::Texture const*)' in file "E:\Console Development\Lecture 5\Lecture 5 Exercise 01\Lecture 5 Exercise 01\ORBIS_Debug\renderer.o"
     1>Command line : error : L0039: reference to undefined symbol `sce::Gnmx::ConstantUpdateEngine::setSampler(sce::Gnm::ShaderStage, unsigned int, sce::Gnm::Sampler const*)' in file "E:\Console Development\Lecture 5\Lecture 5 Exercise 01\Lecture 5 Exercise 01\ORBIS_Debug\renderer.o"
     1>Command line : error : L0039: reference to undefined symbol `sce::Gnmx::ConstantUpdateEngine::setSamplers(sce::Gnm::ShaderStage, unsigned int, unsigned int, sce::Gnm::Sampler const*)' in file "E:\Console Development\Lecture 5\Lecture 5 Exercise 01\Lecture 5 Exercise 01\ORBIS_Debug\renderer.o"
     1>Command line : error : L0039: reference to undefined symbol `sce::Gnmx::ConstantUpdateEngine::setConstantBuffer(sce::Gnm::ShaderStage, unsigned int, sce::Gnm::Buffer const*)' in file "E:\Console Development\Lecture 5\Lecture 5 Exercise 01\Lecture 5 Exercise 01\ORBIS_Debug\renderer.o"
     1>Command line : error : L0039: reference to undefined symbol `sce::Gnmx::ConstantUpdateEngine::setConstantBuffers(sce::Gnm::ShaderStage, unsigned int, unsigned int, sce::Gnm::Buffer const*)' in file "E:\Console Development\Lecture 5\Lecture 5 Exercise 01\Lecture 5 Exercise 01\ORBIS_Debug\renderer.o"
     1>Command line : error : L0039: reference to undefined symbol `sce::Gnm::DrawCommandBuffer::setPrimitiveType(sce::Gnm::PrimitiveType)' in file "E:\Console Development\Lecture 5\Lecture 5 Exercise 01\Lecture 5 Exercise 01\ORBIS_Debug\renderer.o"
     1>Command line : error : L0039: reference to undefined symbol `sce::Gnm::DrawCommandBuffer::setIndexSize(sce::Gnm::IndexSize, sce::Gnm::CachePolicy)' in file "E:\Console Development\Lecture 5\Lecture 5 Exercise 01\Lecture 5 Exercise 01\ORBIS_Debug\renderer.o"
     1>Command line : error : L0039: reference to undefined symbol `sce::Gnmx::ConstantUpdateEngine::isVertexOrInstanceOffsetEnabled() const' in file "E:\Console Development\Lecture 5\Lecture 5 Exercise 01\Lecture 5 Exercise 01\ORBIS_Debug\renderer.o"
     1>Command line : error : L0039: reference to undefined symbol `sce::Gnmx::ConstantUpdateEngine::preDraw()' in file "E:\Console Development\Lecture 5\Lecture 5 Exercise 01\Lecture 5 Exercise 01\ORBIS_Debug\renderer.o"
     1>Command line : error : L0039: reference to undefined symbol `sce::Gnm::DrawCommandBuffer::drawIndex(unsigned int, void const*)' in file "E:\Console Development\Lecture 5\Lecture 5 Exercise 01\Lecture 5 Exercise 01\ORBIS_Debug\renderer.o"
     1>Command line : error : L0039: reference to undefined symbol `sce::Gnmx::ConstantUpdateEngine::postDraw()' in file "E:\Console Development\Lecture 5\Lecture 5 Exercise 01\Lecture 5 Exercise 01\ORBIS_Debug\renderer.o"
     1>Command line : error : L0039: reference to undefined symbol `sce::Gnm::DrawCommandBuffer::writeAtEndOfPipeWithInterrupt(sce::Gnm::EndOfPipeEventType, sce::Gnm::EventWriteDest, void*, sce::Gnm::EventWriteSource, unsigned long, sce::Gnm::CacheAction, sce::Gnm::CachePolicy)' in file "E:\Console Development\Lecture 5\Lecture 5 Exercise 01\Lecture 5 Exercise 01\ORBIS_Debug\renderer.o"
     1>Command line : error : L0039: reference to undefined symbol `sce::Gnmx::parseShader(sce::Gnmx::ShaderInfo*, void const*)' in file "E:\Console Development\Lecture 5\Lecture 5 Exercise 01\Lecture 5 Exercise 01\ORBIS_Debug\renderer.o"
     1>Command line : error : L0039: reference to undefined symbol `sce::Gnmx::ConstantUpdateEngine::initializeInputsCache(sce::Gnmx::ConstantUpdateEngine::InputParameterCache*, sce::Gnm::InputUsageSlot const*, unsigned int)' in file "E:\Console Development\Lecture 5\Lecture 5 Exercise 01\Lecture 5 Exercise 01\ORBIS_Debug\renderer.o"
     1>Command line : error : L0039: reference to undefined symbol `sce::Gnmx::ConstantUpdateEngine::setPsShader(sce::Gnmx::PsShader const*, sce::Gnmx::ConstantUpdateEngine::InputParameterCache const*)' in file "E:\Console Development\Lecture 5\Lecture 5 Exercise 01\Lecture 5 Exercise 01\ORBIS_Debug\renderer.o"
     1>Command line : error : L0039: reference to undefined symbol `sce::Gnmx::ConstantUpdateEngine::setVsShader(sce::Gnmx::VsShader const*, unsigned int, void*, sce::Gnmx::ConstantUpdateEngine::InputParameterCache const*)' in file "E:\Console Development\Lecture 5\Lecture 5 Exercise 01\Lecture 5 Exercise 01\ORBIS_Debug\renderer.o"
     1>Command line : error : L0039: reference to undefined symbol `sce::Gnm::DrawCommandBuffer::pushMarker(char const*)' in file "E:\Console Development\Lecture 5\Lecture 5 Exercise 01\Lecture 5 Exercise 01\ORBIS_Debug\renderer.o"
     1>Command line : error : L0039: reference to undefined symbol `sce::Gnm::DrawCommandBuffer::setDbRenderControl(sce::Gnm::DbRenderControl)' in file "E:\Console Development\Lecture 5\Lecture 5 Exercise 01\Lecture 5 Exercise 01\ORBIS_Debug\renderer.o"
     1>Command line : error : L0039: reference to undefined symbol `sce::Gnm::DrawCommandBuffer::setDepthClearValue(float)' in file "E:\Console Development\Lecture 5\Lecture 5 Exercise 01\Lecture 5 Exercise 01\ORBIS_Debug\renderer.o"
     1>Command line : error : L0039: reference to undefined symbol `sce::Gnm::DrawCommandBuffer::popMarker()' in file "E:\Console Development\Lecture 5\Lecture 5 Exercise 01\Lecture 5 Exercise 01\ORBIS_Debug\renderer.o"
     1>Command line : error : L0039: reference to undefined symbol `sce::Gnm::RenderTarget::getDataFormat() const' in file "E:\Console Development\Lecture 5\Lecture 5 Exercise 01\Lecture 5 Exercise 01\ORBIS_Debug\renderer.o"
     1>Command line : error : L0039: reference to undefined symbol `sce::Gnm::DataFormat::getBytesPerElement() const' in file "E:\Console Development\Lecture 5\Lecture 5 Exercise 01\Lecture 5 Exercise 01\ORBIS_Debug\renderer.o"
     1>Command line : error : L0039: reference to undefined symbol `sce::Gnmx::ConstantUpdateEngine::setRwBuffer(sce::Gnm::ShaderStage, unsigned int, sce::Gnm::Buffer const*)' in file "E:\Console Development\Lecture 5\Lecture 5 Exercise 01\Lecture 5 Exercise 01\ORBIS_Debug\renderer.o"
     1>Command line : error : L0039: reference to undefined symbol `sce::Gnmx::ConstantUpdateEngine::setRwBuffers(sce::Gnm::ShaderStage, unsigned int, unsigned int, sce::Gnm::Buffer const*)' in file "E:\Console Development\Lecture 5\Lecture 5 Exercise 01\Lecture 5 Exercise 01\ORBIS_Debug\renderer.o"
     1>Command line : error : L0039: reference to undefined symbol `sce::Gnmx::ConstantUpdateEngine::setBuffer(sce::Gnm::ShaderStage, unsigned int, sce::Gnm::Buffer const*)' in file "E:\Console Development\Lecture 5\Lecture 5 Exercise 01\Lecture 5 Exercise 01\ORBIS_Debug\renderer.o"
     1>Command line : error : L0039: reference to undefined symbol `sce::Gnmx::ConstantUpdateEngine::setBuffers(sce::Gnm::ShaderStage, unsigned int, unsigned int, sce::Gnm::Buffer const*)' in file "E:\Console Development\Lecture 5\Lecture 5 Exercise 01\Lecture 5 Exercise 01\ORBIS_Debug\renderer.o"
     1>Command line : error : L0039: reference to undefined symbol `sce::Gnmx::ConstantUpdateEngine::preDispatch()' in file "E:\Console Development\Lecture 5\Lecture 5 Exercise 01\Lecture 5 Exercise 01\ORBIS_Debug\renderer.o"
     1>Command line : error : L0039: reference to undefined symbol `sce::Gnm::DrawCommandBuffer::dispatch(unsigned int, unsigned int, unsigned int)' in file "E:\Console Development\Lecture 5\Lecture 5 Exercise 01\Lecture 5 Exercise 01\ORBIS_Debug\renderer.o"
     1>Command line : error : L0039: reference to undefined symbol `sce::Gnmx::ConstantUpdateEngine::postDispatch()' in file "E:\Console Development\Lecture 5\Lecture 5 Exercise 01\Lecture 5 Exercise 01\ORBIS_Debug\renderer.o"
     1>Command line : error : L0039: reference to undefined symbol `sce::Gnmx::ConstantUpdateEngine::setCsShader(sce::Gnmx::CsShader const*, sce::Gnmx::ConstantUpdateEngine::InputParameterCache const*)' in file "E:\Console Development\Lecture 5\Lecture 5 Exercise 01\Lecture 5 Exercise 01\ORBIS_Debug\renderer.o"
     1>Command line : error : L0039: reference to undefined symbol `sce::Gnm::DispatchCommandBuffer::initializeDefaultHardwareState()' in file "E:\Console Development\Lecture 5\Lecture 5 Exercise 01\Lecture 5 Exercise 01\ORBIS_Debug\renderer.o"
     1>Command line : error : L0039: reference to undefined symbol `sce::Gnm::DispatchCommandBuffer::setComputeResourceManagement(sce::Gnm::ShaderEngine, unsigned short)' in file "E:\Console Development\Lecture 5\Lecture 5 Exercise 01\Lecture 5 Exercise 01\ORBIS_Debug\renderer.o"
     1>Command line : error : L0039: reference to undefined symbol `sce::Gnm::DrawCommandBuffer::initializeDefaultHardwareState()' in file "E:\Console Development\Lecture 5\Lecture 5 Exercise 01\Lecture 5 Exercise 01\ORBIS_Debug\renderer.o"
     1>Command line : error : L0039: reference to undefined symbol `sce::Gnmx::GfxContext::GfxContext()' in file "E:\Console Development\Lecture 5\Lecture 5 Exercise 01\Lecture 5 Exercise 01\ORBIS_Debug\renderer.o"
     1>E:\Console Development\Lecture 5\Lecture 5 Exercise 01\Lecture 5 Exercise 01\renderer.cpp : error : L0039: reference to undefined symbol `sce::Gnm::Buffer::initAsVertexBuffer(void*, sce::Gnm::DataFormat, unsigned int, unsigned int)' in file "E:\Console Development\Lecture 5\Lecture 5 Exercise 01\Lecture 5 Exercise 01\ORBIS_Debug\renderer.o"
     1>E:\Console Development\Lecture 5\Lecture 5 Exercise 01\Lecture 5 Exercise 01\renderer.cpp : error : L0039: reference to undefined symbol `sce::Gnm::Buffer::initAsVertexBuffer(void*, sce::Gnm::DataFormat, unsigned int, unsigned int)' in file "E:\Console Development\Lecture 5\Lecture 5 Exercise 01\Lecture 5 Exercise 01\ORBIS_Debug\renderer.o"
     1>E:\Console Development\Lecture 5\Lecture 5 Exercise 01\Lecture 5 Exercise 01\renderer.cpp : error : L0039: reference to undefined symbol `sce::Gnm::Buffer::initAsVertexBuffer(void*, sce::Gnm::DataFormat, unsigned int, unsigned int)' in file "E:\Console Development\Lecture 5\Lecture 5 Exercise 01\Lecture 5 Exercise 01\ORBIS_Debug\renderer.o"
     1>E:\Console Development\Lecture 5\Lecture 5 Exercise 01\Lecture 5 Exercise 01\renderer.cpp : error : L0039: reference to undefined symbol `sceVideoOutOpen' in file "E:\Console Development\Lecture 5\Lecture 5 Exercise 01\Lecture 5 Exercise 01\ORBIS_Debug\renderer.o"
     1>E:\Console Development\Lecture 5\Lecture 5 Exercise 01\Lecture 5 Exercise 01\renderer.cpp : error : L0039: reference to undefined symbol `sceVideoOutSetFlipRate' in file "E:\Console Development\Lecture 5\Lecture 5 Exercise 01\Lecture 5 Exercise 01\ORBIS_Debug\renderer.o"
     1>E:\Console Development\Lecture 5\Lecture 5 Exercise 01\Lecture 5 Exercise 01\renderer.cpp : error : L0039: reference to undefined symbol `sce::Gnm::addEqEvent(_SceKernelEqueue*, sce::Gnm::EqEventType, void*)' in file "E:\Console Development\Lecture 5\Lecture 5 Exercise 01\Lecture 5 Exercise 01\ORBIS_Debug\renderer.o"
     1>E:\Console Development\Lecture 5\Lecture 5 Exercise 01\Lecture 5 Exercise 01\renderer.cpp : error : L0039: reference to undefined symbol `sce::Gnmx::computeVsFetchShaderSize(sce::Gnmx::VsShader const*)' in file "E:\Console Development\Lecture 5\Lecture 5 Exercise 01\Lecture 5 Exercise 01\ORBIS_Debug\renderer.o"
     1>E:\Console Development\Lecture 5\Lecture 5 Exercise 01\Lecture 5 Exercise 01\renderer.cpp : error : L0039: reference to undefined symbol `sce::Gnmx::generateVsFetchShader(void*, unsigned int*, sce::Gnmx::VsShader const*, sce::Gnm::FetchShaderInstancingMode const*)' in file "E:\Console Development\Lecture 5\Lecture 5 Exercise 01\Lecture 5 Exercise 01\ORBIS_Debug\renderer.o"
     1>E:\Console Development\Lecture 5\Lecture 5 Exercise 01\Lecture 5 Exercise 01\renderer.cpp : error : L0039: reference to undefined symbol `sce::Gnmx::ConstantUpdateEngine::computeHeapSize(unsigned int)' in file "E:\Console Development\Lecture 5\Lecture 5 Exercise 01\Lecture 5 Exercise 01\ORBIS_Debug\renderer.o"
     1>E:\Console Development\Lecture 5\Lecture 5 Exercise 01\Lecture 5 Exercise 01\renderer.cpp : error : L0039: reference to undefined symbol `sce::Gnmx::GfxContext::init(void*, unsigned int, void*, unsigned int, void*, unsigned int)' in file "E:\Console Development\Lecture 5\Lecture 5 Exercise 01\Lecture 5 Exercise 01\ORBIS_Debug\renderer.o"
     1>E:\Console Development\Lecture 5\Lecture 5 Exercise 01\Lecture 5 Exercise 01\renderer.cpp : error : L0039: reference to undefined symbol `sce::GpuAddress::computeSurfaceTileMode(sce::Gnm::TileMode*, sce::GpuAddress::SurfaceType, sce::Gnm::DataFormat, unsigned int)' in file "E:\Console Development\Lecture 5\Lecture 5 Exercise 01\Lecture 5 Exercise 01\ORBIS_Debug\renderer.o"
     1>E:\Console Development\Lecture 5\Lecture 5 Exercise 01\Lecture 5 Exercise 01\renderer.cpp : error : L0039: reference to undefined symbol `sceVideoOutSetBufferAttribute' in file "E:\Console Development\Lecture 5\Lecture 5 Exercise 01\Lecture 5 Exercise 01\ORBIS_Debug\renderer.o"
     1>E:\Console Development\Lecture 5\Lecture 5 Exercise 01\Lecture 5 Exercise 01\renderer.cpp : error : L0039: reference to undefined symbol `sceVideoOutRegisterBuffers' in file "E:\Console Development\Lecture 5\Lecture 5 Exercise 01\Lecture 5 Exercise 01\ORBIS_Debug\renderer.o"
     1>E:\Console Development\Lecture 5\Lecture 5 Exercise 01\Lecture 5 Exercise 01\renderer.cpp : error : L0039: reference to undefined symbol `sce::Gnm::DataFormat::build(sce::Gnm::ZFormat)' in file "E:\Console Development\Lecture 5\Lecture 5 Exercise 01\Lecture 5 Exercise 01\ORBIS_Debug\renderer.o"
     1>E:\Console Development\Lecture 5\Lecture 5 Exercise 01\Lecture 5 Exercise 01\renderer.cpp : error : L0039: reference to undefined symbol `sce::GpuAddress::computeSurfaceTileMode(sce::Gnm::TileMode*, sce::GpuAddress::SurfaceType, sce::Gnm::DataFormat, unsigned int)' in file "E:\Console Development\Lecture 5\Lecture 5 Exercise 01\Lecture 5 Exercise 01\ORBIS_Debug\renderer.o"
     1>E:\Console Development\Lecture 5\Lecture 5 Exercise 01\Lecture 5 Exercise 01\renderer.cpp : error : L0039: reference to undefined symbol `sce::Gnm::DataFormat::getZFormat() const' in file "E:\Console Development\Lecture 5\Lecture 5 Exercise 01\Lecture 5 Exercise 01\ORBIS_Debug\renderer.o"
     1>E:\Console Development\Lecture 5\Lecture 5 Exercise 01\Lecture 5 Exercise 01\renderer.cpp : error : L0039: reference to undefined symbol `sce::Gnmx::GfxContext::reset()' in file "E:\Console Development\Lecture 5\Lecture 5 Exercise 01\Lecture 5 Exercise 01\ORBIS_Debug\renderer.o"
     1>E:\Console Development\Lecture 5\Lecture 5 Exercise 01\Lecture 5 Exercise 01\renderer.cpp : error : L0039: reference to undefined symbol `sce::Gnmx::BaseGfxContext::setRenderTarget(unsigned int, sce::Gnm::RenderTarget const*)' in file "E:\Console Development\Lecture 5\Lecture 5 Exercise 01\Lecture 5 Exercise 01\ORBIS_Debug\renderer.o"
     1>E:\Console Development\Lecture 5\Lecture 5 Exercise 01\Lecture 5 Exercise 01\renderer.cpp : error : L0039: reference to undefined symbol `sce::Gnm::DepthStencilControl::init()' in file "E:\Console Development\Lecture 5\Lecture 5 Exercise 01\Lecture 5 Exercise 01\ORBIS_Debug\renderer.o"
     1>E:\Console Development\Lecture 5\Lecture 5 Exercise 01\Lecture 5 Exercise 01\renderer.cpp : error : L0039: reference to undefined symbol `sce::Gnm::DepthStencilControl::setDepthControl(sce::Gnm::DepthControlZWrite, sce::Gnm::CompareFunc)' in file "E:\Console Development\Lecture 5\Lecture 5 Exercise 01\Lecture 5 Exercise 01\ORBIS_Debug\renderer.o"
     1>E:\Console Development\Lecture 5\Lecture 5 Exercise 01\Lecture 5 Exercise 01\renderer.cpp : error : L0039: reference to undefined symbol `sce::Gnm::DepthStencilControl::setDepthEnable(bool)' in file "E:\Console Development\Lecture 5\Lecture 5 Exercise 01\Lecture 5 Exercise 01\ORBIS_Debug\renderer.o"
     1>E:\Console Development\Lecture 5\Lecture 5 Exercise 01\Lecture 5 Exercise 01\renderer.cpp : error : L0039: reference to undefined symbol `sce::Gnm::PrimitiveSetup::init()' in file "E:\Console Development\Lecture 5\Lecture 5 Exercise 01\Lecture 5 Exercise 01\ORBIS_Debug\renderer.o"
     1>E:\Console Development\Lecture 5\Lecture 5 Exercise 01\Lecture 5 Exercise 01\renderer.cpp : error : L0039: reference to undefined symbol `sce::Gnm::PrimitiveSetup::setCullFace(sce::Gnm::PrimitiveSetupCullFaceMode)' in file "E:\Console Development\Lecture 5\Lecture 5 Exercise 01\Lecture 5 Exercise 01\ORBIS_Debug\renderer.o"
     1>E:\Console Development\Lecture 5\Lecture 5 Exercise 01\Lecture 5 Exercise 01\renderer.cpp : error : L0039: reference to undefined symbol `sce::Gnm::PrimitiveSetup::setFrontFace(sce::Gnm::PrimitiveSetupFrontFace)' in file "E:\Console Development\Lecture 5\Lecture 5 Exercise 01\Lecture 5 Exercise 01\ORBIS_Debug\renderer.o"
     1>E:\Console Development\Lecture 5\Lecture 5 Exercise 01\Lecture 5 Exercise 01\renderer.cpp : error : L0039: reference to undefined symbol `sce::Gnm::BlendControl::init()' in file "E:\Console Development\Lecture 5\Lecture 5 Exercise 01\Lecture 5 Exercise 01\ORBIS_Debug\renderer.o"
     1>E:\Console Development\Lecture 5\Lecture 5 Exercise 01\Lecture 5 Exercise 01\renderer.cpp : error : L0039: reference to undefined symbol `sce::Gnm::BlendControl::setBlendEnable(bool)' in file "E:\Console Development\Lecture 5\Lecture 5 Exercise 01\Lecture 5 Exercise 01\ORBIS_Debug\renderer.o"
     1>E:\Console Development\Lecture 5\Lecture 5 Exercise 01\Lecture 5 Exercise 01\renderer.cpp : error : L0039: reference to undefined symbol `sce::Gnm::BlendControl::setColorEquation(sce::Gnm::BlendMultiplier, sce::Gnm::BlendFunc, sce::Gnm::BlendMultiplier)' in file "E:\Console Development\Lecture 5\Lecture 5 Exercise 01\Lecture 5 Exercise 01\ORBIS_Debug\renderer.o"
     1>E:\Console Development\Lecture 5\Lecture 5 Exercise 01\Lecture 5 Exercise 01\renderer.cpp : error : L0039: reference to undefined symbol `sce::Gnm::Buffer::initAsConstantBuffer(void*, unsigned int)' in file "E:\Console Development\Lecture 5\Lecture 5 Exercise 01\Lecture 5 Exercise 01\ORBIS_Debug\renderer.o"
     1>E:\Console Development\Lecture 5\Lecture 5 Exercise 01\Lecture 5 Exercise 01\renderer.cpp : error : L0039: reference to undefined symbol `sce::Gnmx::GfxContext::submitAndFlip(unsigned int, unsigned int, unsigned int, long, void*, unsigned int)' in file "E:\Console Development\Lecture 5\Lecture 5 Exercise 01\Lecture 5 Exercise 01\ORBIS_Debug\renderer.o"
     1>E:\Console Development\Lecture 5\Lecture 5 Exercise 01\Lecture 5 Exercise 01\renderer.cpp : error : L0039: reference to undefined symbol `sce::Gnm::submitDone()' in file "E:\Console Development\Lecture 5\Lecture 5 Exercise 01\Lecture 5 Exercise 01\ORBIS_Debug\renderer.o"
     1>E:\Console Development\Lecture 5\Lecture 5 Exercise 01\Lecture 5 Exercise 01\renderer.cpp : error : L0039: reference to undefined symbol `sce::Gnm::DbRenderControl::init()' in file "E:\Console Development\Lecture 5\Lecture 5 Exercise 01\Lecture 5 Exercise 01\ORBIS_Debug\renderer.o"
     1>E:\Console Development\Lecture 5\Lecture 5 Exercise 01\Lecture 5 Exercise 01\renderer.cpp : error : L0039: reference to undefined symbol `sce::Gnm::DbRenderControl::setDepthClearEnable(bool)' in file "E:\Console Development\Lecture 5\Lecture 5 Exercise 01\Lecture 5 Exercise 01\ORBIS_Debug\renderer.o"
     1>E:\Console Development\Lecture 5\Lecture 5 Exercise 01\Lecture 5 Exercise 01\renderer.cpp : error : L0039: reference to undefined symbol `sce::Gnm::DepthStencilControl::init()' in file "E:\Console Development\Lecture 5\Lecture 5 Exercise 01\Lecture 5 Exercise 01\ORBIS_Debug\renderer.o"
     1>E:\Console Development\Lecture 5\Lecture 5 Exercise 01\Lecture 5 Exercise 01\renderer.cpp : error : L0039: reference to undefined symbol `sce::Gnm::DepthStencilControl::setDepthControl(sce::Gnm::DepthControlZWrite, sce::Gnm::CompareFunc)' in file "E:\Console Development\Lecture 5\Lecture 5 Exercise 01\Lecture 5 Exercise 01\ORBIS_Debug\renderer.o"
     1>E:\Console Development\Lecture 5\Lecture 5 Exercise 01\Lecture 5 Exercise 01\renderer.cpp : error : L0039: reference to undefined symbol `sce::Gnm::DepthStencilControl::setStencilFunction(sce::Gnm::CompareFunc)' in file "E:\Console Development\Lecture 5\Lecture 5 Exercise 01\Lecture 5 Exercise 01\ORBIS_Debug\renderer.o"
     1>E:\Console Development\Lecture 5\Lecture 5 Exercise 01\Lecture 5 Exercise 01\renderer.cpp : error : L0039: reference to undefined symbol `sce::Gnm::DepthStencilControl::setDepthEnable(bool)' in file "E:\Console Development\Lecture 5\Lecture 5 Exercise 01\Lecture 5 Exercise 01\ORBIS_Debug\renderer.o"
     1>E:\Console Development\Lecture 5\Lecture 5 Exercise 01\Lecture 5 Exercise 01\renderer.cpp : error : L0039: reference to undefined symbol `sce::Gnm::deleteEqEvent(_SceKernelEqueue*, sce::Gnm::EqEventType)' in file "E:\Console Development\Lecture 5\Lecture 5 Exercise 01\Lecture 5 Exercise 01\ORBIS_Debug\renderer.o"
     1>E:\Console Development\Lecture 5\Lecture 5 Exercise 01\Lecture 5 Exercise 01\renderer.cpp : error : L0039: reference to undefined symbol `sceVideoOutClose' in file "E:\Console Development\Lecture 5\Lecture 5 Exercise 01\Lecture 5 Exercise 01\ORBIS_Debug\renderer.o"
     1>E:\Console Development\Lecture 5\Lecture 5 Exercise 01\Lecture 5 Exercise 01\renderer.cpp : error : L0039: reference to undefined symbol `sce::Gnm::Buffer::initAsConstantBuffer(void*, unsigned int)' in file "E:\Console Development\Lecture 5\Lecture 5 Exercise 01\Lecture 5 Exercise 01\ORBIS_Debug\renderer.o"
     1>E:\Console Development\Lecture 5\Lecture 5 Exercise 01\Lecture 5 Exercise 01\renderer.cpp : error : L0039: reference to undefined symbol `sce::Gnm::Buffer::setResourceMemoryType(sce::Gnm::ResourceMemoryType)' in file "E:\Console Development\Lecture 5\Lecture 5 Exercise 01\Lecture 5 Exercise 01\ORBIS_Debug\renderer.o"
     1>E:\Console Development\Lecture 5\Lecture 5 Exercise 01\Lecture 5 Exercise 01\renderer.cpp : error : L0039: reference to undefined symbol `sce::Gnmx::renderFullScreenQuad(sce::Gnmx::GfxContext*)' in file "E:\Console Development\Lecture 5\Lecture 5 Exercise 01\Lecture 5 Exercise 01\ORBIS_Debug\renderer.o"
     1>E:\Console Development\Lecture 5\Lecture 5 Exercise 01\Lecture 5 Exercise 01\renderer.cpp : error : L0039: reference to undefined symbol `sce::Gnm::DbRenderControl::init()' in file "E:\Console Development\Lecture 5\Lecture 5 Exercise 01\Lecture 5 Exercise 01\ORBIS_Debug\renderer.o"
     1>E:\Console Development\Lecture 5\Lecture 5 Exercise 01\Lecture 5 Exercise 01\renderer.cpp : error : L0039: reference to undefined symbol `sce::Gnm::Buffer::initAsDataBuffer(void*, sce::Gnm::DataFormat, unsigned int)' in file "E:\Console Development\Lecture 5\Lecture 5 Exercise 01\Lecture 5 Exercise 01\ORBIS_Debug\renderer.o"
     1>E:\Console Development\Lecture 5\Lecture 5 Exercise 01\Lecture 5 Exercise 01\renderer.cpp : error : L0039: reference to undefined symbol `sce::Gnm::Buffer::setResourceMemoryType(sce::Gnm::ResourceMemoryType)' in file "E:\Console Development\Lecture 5\Lecture 5 Exercise 01\Lecture 5 Exercise 01\ORBIS_Debug\renderer.o"
     1>E:\Console Development\Lecture 5\Lecture 5 Exercise 01\Lecture 5 Exercise 01\renderer.cpp : error : L0039: reference to undefined symbol `sce::Gnm::Buffer::initAsDataBuffer(void*, sce::Gnm::DataFormat, unsigned int)' in file "E:\Console Development\Lecture 5\Lecture 5 Exercise 01\Lecture 5 Exercise 01\ORBIS_Debug\renderer.o"
     1>E:\Console Development\Lecture 5\Lecture 5 Exercise 01\Lecture 5 Exercise 01\renderer.cpp : error : L0039: reference to undefined symbol `sce::Gnm::Buffer::setResourceMemoryType(sce::Gnm::ResourceMemoryType)' in file "E:\Console Development\Lecture 5\Lecture 5 Exercise 01\Lecture 5 Exercise 01\ORBIS_Debug\renderer.o"
     1>E:\Console Development\Lecture 5\Lecture 5 Exercise 01\Lecture 5 Exercise 01\renderer.cpp : error : L0039: reference to undefined symbol `sce::Gnm::Buffer::initAsConstantBuffer(void*, unsigned int)' in file "E:\Console Development\Lecture 5\Lecture 5 Exercise 01\Lecture 5 Exercise 01\ORBIS_Debug\renderer.o"
     1>E:\Console Development\Lecture 5\Lecture 5 Exercise 01\Lecture 5 Exercise 01\renderer.cpp : error : L0039: reference to undefined symbol `sce::Gnm::DrawCommandBuffer::allocateFromCommandBuffer(unsigned int, sce::Gnm::EmbeddedDataAlignment)' in file "E:\Console Development\Lecture 5\Lecture 5 Exercise 01\Lecture 5 Exercise 01\ORBIS_Debug\renderer.o"
     1>E:\Console Development\Lecture 5\Lecture 5 Exercise 01\Lecture 5 Exercise 01\renderer.cpp : error : L0039: reference to undefined symbol `sce::Gnm::DrawCommandBuffer::writeAtEndOfShader(sce::Gnm::EndOfShaderEventType, void*, unsigned int)' in file "E:\Console Development\Lecture 5\Lecture 5 Exercise 01\Lecture 5 Exercise 01\ORBIS_Debug\renderer.o"
     1>E:\Console Development\Lecture 5\Lecture 5 Exercise 01\Lecture 5 Exercise 01\renderer.cpp : error : L0039: reference to undefined symbol `sce::Gnm::DrawCommandBuffer::waitOnAddress(void*, unsigned int, sce::Gnm::WaitCompareFunc, unsigned int)' in file "E:\Console Development\Lecture 5\Lecture 5 Exercise 01\Lecture 5 Exercise 01\ORBIS_Debug\renderer.o"
     1>E:\Console Development\Lecture 5\Lecture 5 Exercise 01\Lecture 5 Exercise 01\renderer.cpp : error : L0039: reference to undefined symbol `sce::Gnm::DrawCommandBuffer::flushShaderCachesAndWait(sce::Gnm::CacheAction, unsigned int, sce::Gnm::StallCommandBufferParserMode)' in file "E:\Console Development\Lecture 5\Lecture 5 Exercise 01\Lecture 5 Exercise 01\ORBIS_Debug\renderer.o"
     1>E:\Console Development\Lecture 5\Lecture 5 Exercise 01\Lecture 5 Exercise 01\renderer.cpp : error : L0039: reference to undefined symbol `sce::Gnm::Texture::initAs2dArray(unsigned int, unsigned int, unsigned int, unsigned int, unsigned int, sce::Gnm::DataFormat, sce::Gnm::TileMode, sce::Gnm::NumFragments, bool)' in file "E:\Console Development\Lecture 5\Lecture 5 Exercise 01\Lecture 5 Exercise 01\ORBIS_Debug\renderer.o"
     1>E:\Console Development\Lecture 5\Lecture 5 Exercise 01\Lecture 5 Exercise 01\renderer.cpp : error : L0039: reference to undefined symbol `sce::Gnm::getErrorResponseLevel()' in file "E:\Console Development\Lecture 5\Lecture 5 Exercise 01\Lecture 5 Exercise 01\ORBIS_Debug\renderer.o"
     1>E:\Console Development\Lecture 5\Lecture 5 Exercise 01\Lecture 5 Exercise 01\renderer.cpp : error : L0039: reference to undefined symbol `sce::Gnm::printErrorMessage(char const*, unsigned int, char const*, char const*, ...)' in file "E:\Console Development\Lecture 5\Lecture 5 Exercise 01\Lecture 5 Exercise 01\ORBIS_Debug\renderer.o"
     1>E:\Console Development\Lecture 5\Lecture 5 Exercise 01\Lecture 5 Exercise 01\renderer.cpp : error : L0039: reference to undefined symbol `sce::Gnm::getErrorResponseLevel()' in file "E:\Console Development\Lecture 5\Lecture 5 Exercise 01\Lecture 5 Exercise 01\ORBIS_Debug\renderer.o"
     1>E:\Console Development\Lecture 5\Lecture 5 Exercise 01\Lecture 5 Exercise 01\renderer.cpp : error : L0039: reference to undefined symbol `sce::Gnm::RenderTarget::init(unsigned int, unsigned int, unsigned int, unsigned int, sce::Gnm::DataFormat, sce::Gnm::TileMode, sce::Gnm::NumSamples, sce::Gnm::NumFragments, sce::Gnm::SizeAlign*, sce::Gnm::SizeAlign*)' in file "E:\Console Development\Lecture 5\Lecture 5 Exercise 01\Lecture 5 Exercise 01\ORBIS_Debug\renderer.o"
     1>E:\Console Development\Lecture 5\Lecture 5 Exercise 01\Lecture 5 Exercise 01\renderer.cpp : error : L0039: reference to undefined symbol `sce::Gnm::DepthRenderTarget::init(unsigned int, unsigned int, unsigned int, unsigned int, sce::Gnm::ZFormat, sce::Gnm::StencilFormat, sce::Gnm::TileMode, sce::Gnm::NumFragments, sce::Gnm::SizeAlign*, sce::Gnm::SizeAlign*)' in file "E:\Console Development\Lecture 5\Lecture 5 Exercise 01\Lecture 5 Exercise 01\ORBIS_Debug\renderer.o"
     1>E:\Console Development\Lecture 5\Lecture 5 Exercise 01\Lecture 5 Exercise 01\renderer.cpp : error : L0039: reference to undefined symbol `sce::Gnm::getErrorResponseLevel()' in file "E:\Console Development\Lecture 5\Lecture 5 Exercise 01\Lecture 5 Exercise 01\ORBIS_Debug\renderer.o"
     1>E:\Console Development\Lecture 5\Lecture 5 Exercise 01\Lecture 5 Exercise 01\renderer.cpp : error : L0039: reference to undefined symbol `sce::Gnm::printErrorMessage(char const*, unsigned int, char const*, char const*, ...)' in file "E:\Console Development\Lecture 5\Lecture 5 Exercise 01\Lecture 5 Exercise 01\ORBIS_Debug\renderer.o"
     1>E:\Console Development\Lecture 5\Lecture 5 Exercise 01\Lecture 5 Exercise 01\renderer.cpp : error : L0039: reference to undefined symbol `sce::Gnm::getErrorResponseLevel()' in file "E:\Console Development\Lecture 5\Lecture 5 Exercise 01\Lecture 5 Exercise 01\ORBIS_Debug\renderer.o"
     1>E:\Console Development\Lecture 5\Lecture 5 Exercise 01\Lecture 5 Exercise 01\renderer.cpp : error : L0039: reference to undefined symbol `sce::Gnm::DrawCommandBuffer::waitUntilSafeForRendering(unsigned int, unsigned int)' in file "E:\Console Development\Lecture 5\Lecture 5 Exercise 01\Lecture 5 Exercise 01\ORBIS_Debug\renderer.o"
     1>E:\Console Development\Lecture 5\Lecture 5 Exercise 01\Lecture 5 Exercise 01\renderer.cpp : error : L0039: reference to undefined symbol `sce::Gnmx::setupScreenViewport(sce::Gnm::DrawCommandBuffer*, unsigned int, unsigned int, unsigned int, unsigned int, float, float)' in file "E:\Console Development\Lecture 5\Lecture 5 Exercise 01\Lecture 5 Exercise 01\ORBIS_Debug\renderer.o"
     1>E:\Console Development\Lecture 5\Lecture 5 Exercise 01\Lecture 5 Exercise 01\renderer.cpp : error : L0039: reference to undefined symbol `sce::Gnm::DrawCommandBuffer::setDepthRenderTarget(sce::Gnm::DepthRenderTarget const*)' in file "E:\Console Development\Lecture 5\Lecture 5 Exercise 01\Lecture 5 Exercise 01\ORBIS_Debug\renderer.o"
     1>E:\Console Development\Lecture 5\Lecture 5 Exercise 01\Lecture 5 Exercise 01\renderer.cpp : error : L0039: reference to undefined symbol `sce::Gnm::DrawCommandBuffer::setDepthStencilControl(sce::Gnm::DepthStencilControl)' in file "E:\Console Development\Lecture 5\Lecture 5 Exercise 01\Lecture 5 Exercise 01\ORBIS_Debug\renderer.o"
     1>E:\Console Development\Lecture 5\Lecture 5 Exercise 01\Lecture 5 Exercise 01\renderer.cpp : error : L0039: reference to undefined symbol `sce::Gnm::DrawCommandBuffer::setPrimitiveSetup(sce::Gnm::PrimitiveSetup)' in file "E:\Console Development\Lecture 5\Lecture 5 Exercise 01\Lecture 5 Exercise 01\ORBIS_Debug\renderer.o"
     1>E:\Console Development\Lecture 5\Lecture 5 Exercise 01\Lecture 5 Exercise 01\renderer.cpp : error : L0039: reference to undefined symbol `sce::Gnm::DrawCommandBuffer::setBlendControl(unsigned int, sce::Gnm::BlendControl)' in file "E:\Console Development\Lecture 5\Lecture 5 Exercise 01\Lecture 5 Exercise 01\ORBIS_Debug\renderer.o"
     1>E:\Console Development\Lecture 5\Lecture 5 Exercise 01\Lecture 5 Exercise 01\renderer.cpp : error : L0039: reference to undefined symbol `sce::Gnm::DrawCommandBuffer::setRenderTargetMask(unsigned int)' in file "E:\Console Development\Lecture 5\Lecture 5 Exercise 01\Lecture 5 Exercise 01\ORBIS_Debug\renderer.o"
     1>E:\Console Development\Lecture 5\Lecture 5 Exercise 01\Lecture 5 Exercise 01\renderer.cpp : error : L0039: reference to undefined symbol `sce::Gnm::DrawCommandBuffer::setActiveShaderStages(sce::Gnm::ActiveShaderStages)' in file "E:\Console Development\Lecture 5\Lecture 5 Exercise 01\Lecture 5 Exercise 01\ORBIS_Debug\renderer.o"
     1>E:\Console Development\Lecture 5\Lecture 5 Exercise 01\Lecture 5 Exercise 01\renderer.cpp : error : L0039: reference to undefined symbol `sce::Gnmx::ConstantUpdateEngine::setVertexBuffers(sce::Gnm::ShaderStage, unsigned int, unsigned int, sce::Gnm::Buffer const*)' in file "E:\Console Development\Lecture 5\Lecture 5 Exercise 01\Lecture 5 Exercise 01\ORBIS_Debug\renderer.o"
     1>E:\Console Development\Lecture 5\Lecture 5 Exercise 01\Lecture 5 Exercise 01\renderer.cpp : error : L0039: reference to undefined symbol `sce::Gnmx::ConstantUpdateEngine::setTexture(sce::Gnm::ShaderStage, unsigned int, sce::Gnm::Texture const*)' in file "E:\Console Development\Lecture 5\Lecture 5 Exercise 01\Lecture 5 Exercise 01\ORBIS_Debug\renderer.o"
     1>E:\Console Development\Lecture 5\Lecture 5 Exercise 01\Lecture 5 Exercise 01\renderer.cpp : error : L0039: reference to undefined symbol `sce::Gnmx::ConstantUpdateEngine::setTextures(sce::Gnm::ShaderStage, unsigned int, unsigned int, sce::Gnm::Texture const*)' in file "E:\Console Development\Lecture 5\Lecture 5 Exercise 01\Lecture 5 Exercise 01\ORBIS_Debug\renderer.o"
     1>E:\Console Development\Lecture 5\Lecture 5 Exercise 01\Lecture 5 Exercise 01\renderer.cpp : error : L0039: reference to undefined symbol `sce::Gnmx::ConstantUpdateEngine::setSampler(sce::Gnm::ShaderStage, unsigned int, sce::Gnm::Sampler const*)' in file "E:\Console Development\Lecture 5\Lecture 5 Exercise 01\Lecture 5 Exercise 01\ORBIS_Debug\renderer.o"
     1>E:\Console Development\Lecture 5\Lecture 5 Exercise 01\Lecture 5 Exercise 01\renderer.cpp : error : L0039: reference to undefined symbol `sce::Gnmx::ConstantUpdateEngine::setSamplers(sce::Gnm::ShaderStage, unsigned int, unsigned int, sce::Gnm::Sampler const*)' in file "E:\Console Development\Lecture 5\Lecture 5 Exercise 01\Lecture 5 Exercise 01\ORBIS_Debug\renderer.o"
     1>E:\Console Development\Lecture 5\Lecture 5 Exercise 01\Lecture 5 Exercise 01\renderer.cpp : error : L0039: reference to undefined symbol `sce::Gnm::DrawCommandBuffer::allocateFromCommandBuffer(unsigned int, sce::Gnm::EmbeddedDataAlignment)' in file "E:\Console Development\Lecture 5\Lecture 5 Exercise 01\Lecture 5 Exercise 01\ORBIS_Debug\renderer.o"
     1>E:\Console Development\Lecture 5\Lecture 5 Exercise 01\Lecture 5 Exercise 01\renderer.cpp : error : L0039: reference to undefined symbol `sce::Gnmx::ConstantUpdateEngine::setConstantBuffer(sce::Gnm::ShaderStage, unsigned int, sce::Gnm::Buffer const*)' in file "E:\Console Development\Lecture 5\Lecture 5 Exercise 01\Lecture 5 Exercise 01\ORBIS_Debug\renderer.o"
     1>E:\Console Development\Lecture 5\Lecture 5 Exercise 01\Lecture 5 Exercise 01\renderer.cpp : error : L0039: reference to undefined symbol `sce::Gnmx::ConstantUpdateEngine::setConstantBuffers(sce::Gnm::ShaderStage, unsigned int, unsigned int, sce::Gnm::Buffer const*)' in file "E:\Console Development\Lecture 5\Lecture 5 Exercise 01\Lecture 5 Exercise 01\ORBIS_Debug\renderer.o"
     1>E:\Console Development\Lecture 5\Lecture 5 Exercise 01\Lecture 5 Exercise 01\renderer.cpp : error : L0039: reference to undefined symbol `sce::Gnm::getErrorResponseLevel()' in file "E:\Console Development\Lecture 5\Lecture 5 Exercise 01\Lecture 5 Exercise 01\ORBIS_Debug\renderer.o"
     1>E:\Console Development\Lecture 5\Lecture 5 Exercise 01\Lecture 5 Exercise 01\renderer.cpp : error : L0039: reference to undefined symbol `sce::Gnm::printErrorMessage(char const*, unsigned int, char const*, char const*, ...)' in file "E:\Console Development\Lecture 5\Lecture 5 Exercise 01\Lecture 5 Exercise 01\ORBIS_Debug\renderer.o"
     1>E:\Console Development\Lecture 5\Lecture 5 Exercise 01\Lecture 5 Exercise 01\renderer.cpp : error : L0039: reference to undefined symbol `sce::Gnm::getErrorResponseLevel()' in file "E:\Console Development\Lecture 5\Lecture 5 Exercise 01\Lecture 5 Exercise 01\ORBIS_Debug\renderer.o"
     1>E:\Console Development\Lecture 5\Lecture 5 Exercise 01\Lecture 5 Exercise 01\renderer.cpp : error : L0039: reference to undefined symbol `sce::Gnm::DrawCommandBuffer::setPrimitiveType(sce::Gnm::PrimitiveType)' in file "E:\Console Development\Lecture 5\Lecture 5 Exercise 01\Lecture 5 Exercise 01\ORBIS_Debug\renderer.o"
     1>E:\Console Development\Lecture 5\Lecture 5 Exercise 01\Lecture 5 Exercise 01\renderer.cpp : error : L0039: reference to undefined symbol `sce::Gnm::getErrorResponseLevel()' in file "E:\Console Development\Lecture 5\Lecture 5 Exercise 01\Lecture 5 Exercise 01\ORBIS_Debug\renderer.o"
     1>E:\Console Development\Lecture 5\Lecture 5 Exercise 01\Lecture 5 Exercise 01\renderer.cpp : error : L0039: reference to undefined symbol `sce::Gnm::printErrorMessage(char const*, unsigned int, char const*, char const*, ...)' in file "E:\Console Development\Lecture 5\Lecture 5 Exercise 01\Lecture 5 Exercise 01\ORBIS_Debug\renderer.o"
     1>E:\Console Development\Lecture 5\Lecture 5 Exercise 01\Lecture 5 Exercise 01\renderer.cpp : error : L0039: reference to undefined symbol `sce::Gnm::getErrorResponseLevel()' in file "E:\Console Development\Lecture 5\Lecture 5 Exercise 01\Lecture 5 Exercise 01\ORBIS_Debug\renderer.o"
     1>E:\Console Development\Lecture 5\Lecture 5 Exercise 01\Lecture 5 Exercise 01\renderer.cpp : error : L0039: reference to undefined symbol `sce::Gnm::getErrorResponseLevel()' in file "E:\Console Development\Lecture 5\Lecture 5 Exercise 01\Lecture 5 Exercise 01\ORBIS_Debug\renderer.o"
     1>E:\Console Development\Lecture 5\Lecture 5 Exercise 01\Lecture 5 Exercise 01\renderer.cpp : error : L0039: reference to undefined symbol `sce::Gnm::printErrorMessage(char const*, unsigned int, char const*, char const*, ...)' in file "E:\Console Development\Lecture 5\Lecture 5 Exercise 01\Lecture 5 Exercise 01\ORBIS_Debug\renderer.o"
     1>E:\Console Development\Lecture 5\Lecture 5 Exercise 01\Lecture 5 Exercise 01\renderer.cpp : error : L0039: reference to undefined symbol `sce::Gnm::getErrorResponseLevel()' in file "E:\Console Development\Lecture 5\Lecture 5 Exercise 01\Lecture 5 Exercise 01\ORBIS_Debug\renderer.o"
     1>E:\Console Development\Lecture 5\Lecture 5 Exercise 01\Lecture 5 Exercise 01\renderer.cpp : error : L0039: reference to undefined symbol `sce::Gnm::DrawCommandBuffer::setIndexSize(sce::Gnm::IndexSize, sce::Gnm::CachePolicy)' in file "E:\Console Development\Lecture 5\Lecture 5 Exercise 01\Lecture 5 Exercise 01\ORBIS_Debug\renderer.o"
     1>E:\Console Development\Lecture 5\Lecture 5 Exercise 01\Lecture 5 Exercise 01\renderer.cpp : error : L0039: reference to undefined symbol `sce::Gnm::getErrorResponseLevel()' in file "E:\Console Development\Lecture 5\Lecture 5 Exercise 01\Lecture 5 Exercise 01\ORBIS_Debug\renderer.o"
     1>E:\Console Development\Lecture 5\Lecture 5 Exercise 01\Lecture 5 Exercise 01\renderer.cpp : error : L0039: reference to undefined symbol `sce::Gnm::printErrorMessage(char const*, unsigned int, char const*, char const*, ...)' in file "E:\Console Development\Lecture 5\Lecture 5 Exercise 01\Lecture 5 Exercise 01\ORBIS_Debug\renderer.o"
     1>E:\Console Development\Lecture 5\Lecture 5 Exercise 01\Lecture 5 Exercise 01\renderer.cpp : error : L0039: reference to undefined symbol `sce::Gnm::getErrorResponseLevel()' in file "E:\Console Development\Lecture 5\Lecture 5 Exercise 01\Lecture 5 Exercise 01\ORBIS_Debug\renderer.o"
     1>E:\Console Development\Lecture 5\Lecture 5 Exercise 01\Lecture 5 Exercise 01\renderer.cpp : error : L0039: reference to undefined symbol `sce::Gnmx::ConstantUpdateEngine::isVertexOrInstanceOffsetEnabled() const' in file "E:\Console Development\Lecture 5\Lecture 5 Exercise 01\Lecture 5 Exercise 01\ORBIS_Debug\renderer.o"
     1>E:\Console Development\Lecture 5\Lecture 5 Exercise 01\Lecture 5 Exercise 01\renderer.cpp : error : L0039: reference to undefined symbol `sce::Gnm::getErrorResponseLevel()' in file "E:\Console Development\Lecture 5\Lecture 5 Exercise 01\Lecture 5 Exercise 01\ORBIS_Debug\renderer.o"
     1>E:\Console Development\Lecture 5\Lecture 5 Exercise 01\Lecture 5 Exercise 01\renderer.cpp : error : L0039: reference to undefined symbol `sce::Gnm::printErrorMessage(char const*, unsigned int, char const*, char const*, ...)' in file "E:\Console Development\Lecture 5\Lecture 5 Exercise 01\Lecture 5 Exercise 01\ORBIS_Debug\renderer.o"
     1>E:\Console Development\Lecture 5\Lecture 5 Exercise 01\Lecture 5 Exercise 01\renderer.cpp : error : L0039: reference to undefined symbol `sce::Gnm::getErrorResponseLevel()' in file "E:\Console Development\Lecture 5\Lecture 5 Exercise 01\Lecture 5 Exercise 01\ORBIS_Debug\renderer.o"
     1>E:\Console Development\Lecture 5\Lecture 5 Exercise 01\Lecture 5 Exercise 01\renderer.cpp : error : L0039: reference to undefined symbol `sce::Gnmx::ConstantUpdateEngine::preDraw()' in file "E:\Console Development\Lecture 5\Lecture 5 Exercise 01\Lecture 5 Exercise 01\ORBIS_Debug\renderer.o"
     1>E:\Console Development\Lecture 5\Lecture 5 Exercise 01\Lecture 5 Exercise 01\renderer.cpp : error : L0039: reference to undefined symbol `sce::Gnm::DrawCommandBuffer::drawIndex(unsigned int, void const*)' in file "E:\Console Development\Lecture 5\Lecture 5 Exercise 01\Lecture 5 Exercise 01\ORBIS_Debug\renderer.o"
     1>E:\Console Development\Lecture 5\Lecture 5 Exercise 01\Lecture 5 Exercise 01\renderer.cpp : error : L0039: reference to undefined symbol `sce::Gnmx::ConstantUpdateEngine::postDraw()' in file "E:\Console Development\Lecture 5\Lecture 5 Exercise 01\Lecture 5 Exercise 01\ORBIS_Debug\renderer.o"
     1>E:\Console Development\Lecture 5\Lecture 5 Exercise 01\Lecture 5 Exercise 01\renderer.cpp : error : L0039: reference to undefined symbol `sce::Gnm::DrawCommandBuffer::writeAtEndOfPipeWithInterrupt(sce::Gnm::EndOfPipeEventType, sce::Gnm::EventWriteDest, void*, sce::Gnm::EventWriteSource, unsigned long, sce::Gnm::CacheAction, sce::Gnm::CachePolicy)' in file "E:\Console Development\Lecture 5\Lecture 5 Exercise 01\Lecture 5 Exercise 01\ORBIS_Debug\renderer.o"
     1>E:\Console Development\Lecture 5\Lecture 5 Exercise 01\Lecture 5 Exercise 01\renderer.cpp : error : L0039: reference to undefined symbol `sce::Gnmx::parseShader(sce::Gnmx::ShaderInfo*, void const*)' in file "E:\Console Development\Lecture 5\Lecture 5 Exercise 01\Lecture 5 Exercise 01\ORBIS_Debug\renderer.o"
     1>E:\Console Development\Lecture 5\Lecture 5 Exercise 01\Lecture 5 Exercise 01\renderer.cpp : error : L0039: reference to undefined symbol `sce::Gnm::getErrorResponseLevel()' in file "E:\Console Development\Lecture 5\Lecture 5 Exercise 01\Lecture 5 Exercise 01\ORBIS_Debug\renderer.o"
     1>E:\Console Development\Lecture 5\Lecture 5 Exercise 01\Lecture 5 Exercise 01\renderer.cpp : error : L0039: reference to undefined symbol `sce::Gnm::printErrorMessage(char const*, unsigned int, char const*, char const*, ...)' in file "E:\Console Development\Lecture 5\Lecture 5 Exercise 01\Lecture 5 Exercise 01\ORBIS_Debug\renderer.o"
     1>E:\Console Development\Lecture 5\Lecture 5 Exercise 01\Lecture 5 Exercise 01\renderer.cpp : error : L0039: reference to undefined symbol `sce::Gnm::getErrorResponseLevel()' in file "E:\Console Development\Lecture 5\Lecture 5 Exercise 01\Lecture 5 Exercise 01\ORBIS_Debug\renderer.o"
     1>E:\Console Development\Lecture 5\Lecture 5 Exercise 01\Lecture 5 Exercise 01\renderer.cpp : error : L0039: reference to undefined symbol `sce::Gnm::getErrorResponseLevel()' in file "E:\Console Development\Lecture 5\Lecture 5 Exercise 01\Lecture 5 Exercise 01\ORBIS_Debug\renderer.o"
     1>E:\Console Development\Lecture 5\Lecture 5 Exercise 01\Lecture 5 Exercise 01\renderer.cpp : error : L0039: reference to undefined symbol `sce::Gnm::printErrorMessage(char const*, unsigned int, char const*, char const*, ...)' in file "E:\Console Development\Lecture 5\Lecture 5 Exercise 01\Lecture 5 Exercise 01\ORBIS_Debug\renderer.o"
     1>E:\Console Development\Lecture 5\Lecture 5 Exercise 01\Lecture 5 Exercise 01\renderer.cpp : error : L0039: reference to undefined symbol `sce::Gnm::getErrorResponseLevel()' in file "E:\Console Development\Lecture 5\Lecture 5 Exercise 01\Lecture 5 Exercise 01\ORBIS_Debug\renderer.o"
     1>E:\Console Development\Lecture 5\Lecture 5 Exercise 01\Lecture 5 Exercise 01\renderer.cpp : error : L0039: reference to undefined symbol `sce::Gnm::getErrorResponseLevel()' in file "E:\Console Development\Lecture 5\Lecture 5 Exercise 01\Lecture 5 Exercise 01\ORBIS_Debug\renderer.o"
     1>E:\Console Development\Lecture 5\Lecture 5 Exercise 01\Lecture 5 Exercise 01\renderer.cpp : error : L0039: reference to undefined symbol `sce::Gnm::printErrorMessage(char const*, unsigned int, char const*, char const*, ...)' in file "E:\Console Development\Lecture 5\Lecture 5 Exercise 01\Lecture 5 Exercise 01\ORBIS_Debug\renderer.o"
     1>E:\Console Development\Lecture 5\Lecture 5 Exercise 01\Lecture 5 Exercise 01\renderer.cpp : error : L0039: reference to undefined symbol `sce::Gnm::getErrorResponseLevel()' in file "E:\Console Development\Lecture 5\Lecture 5 Exercise 01\Lecture 5 Exercise 01\ORBIS_Debug\renderer.o"
     1>E:\Console Development\Lecture 5\Lecture 5 Exercise 01\Lecture 5 Exercise 01\renderer.cpp : error : L0039: reference to undefined symbol `sce::Gnm::getErrorResponseLevel()' in file "E:\Console Development\Lecture 5\Lecture 5 Exercise 01\Lecture 5 Exercise 01\ORBIS_Debug\renderer.o"
     1>E:\Console Development\Lecture 5\Lecture 5 Exercise 01\Lecture 5 Exercise 01\renderer.cpp : error : L0039: reference to undefined symbol `sce::Gnm::printErrorMessage(char const*, unsigned int, char const*, char const*, ...)' in file "E:\Console Development\Lecture 5\Lecture 5 Exercise 01\Lecture 5 Exercise 01\ORBIS_Debug\renderer.o"
     1>E:\Console Development\Lecture 5\Lecture 5 Exercise 01\Lecture 5 Exercise 01\renderer.cpp : error : L0039: reference to undefined symbol `sce::Gnm::getErrorResponseLevel()' in file "E:\Console Development\Lecture 5\Lecture 5 Exercise 01\Lecture 5 Exercise 01\ORBIS_Debug\renderer.o"
     1>E:\Console Development\Lecture 5\Lecture 5 Exercise 01\Lecture 5 Exercise 01\renderer.cpp : error : L0039: reference to undefined symbol `sce::Gnm::getErrorResponseLevel()' in file "E:\Console Development\Lecture 5\Lecture 5 Exercise 01\Lecture 5 Exercise 01\ORBIS_Debug\renderer.o"
     1>E:\Console Development\Lecture 5\Lecture 5 Exercise 01\Lecture 5 Exercise 01\renderer.cpp : error : L0039: reference to undefined symbol `sce::Gnm::printErrorMessage(char const*, unsigned int, char const*, char const*, ...)' in file "E:\Console Development\Lecture 5\Lecture 5 Exercise 01\Lecture 5 Exercise 01\ORBIS_Debug\renderer.o"
     1>E:\Console Development\Lecture 5\Lecture 5 Exercise 01\Lecture 5 Exercise 01\renderer.cpp : error : L0039: reference to undefined symbol `sce::Gnm::getErrorResponseLevel()' in file "E:\Console Development\Lecture 5\Lecture 5 Exercise 01\Lecture 5 Exercise 01\ORBIS_Debug\renderer.o"
     1>E:\Console Development\Lecture 5\Lecture 5 Exercise 01\Lecture 5 Exercise 01\renderer.cpp : error : L0039: reference to undefined symbol `sce::Gnm::getErrorResponseLevel()' in file "E:\Console Development\Lecture 5\Lecture 5 Exercise 01\Lecture 5 Exercise 01\ORBIS_Debug\renderer.o"
     1>E:\Console Development\Lecture 5\Lecture 5 Exercise 01\Lecture 5 Exercise 01\renderer.cpp : error : L0039: reference to undefined symbol `sce::Gnm::printErrorMessage(char const*, unsigned int, char const*, char const*, ...)' in file "E:\Console Development\Lecture 5\Lecture 5 Exercise 01\Lecture 5 Exercise 01\ORBIS_Debug\renderer.o"
     1>E:\Console Development\Lecture 5\Lecture 5 Exercise 01\Lecture 5 Exercise 01\renderer.cpp : error : L0039: reference to undefined symbol `sce::Gnm::getErrorResponseLevel()' in file "E:\Console Development\Lecture 5\Lecture 5 Exercise 01\Lecture 5 Exercise 01\ORBIS_Debug\renderer.o"
     1>E:\Console Development\Lecture 5\Lecture 5 Exercise 01\Lecture 5 Exercise 01\renderer.cpp : error : L0039: reference to undefined symbol `sce::Gnm::getErrorResponseLevel()' in file "E:\Console Development\Lecture 5\Lecture 5 Exercise 01\Lecture 5 Exercise 01\ORBIS_Debug\renderer.o"
     1>E:\Console Development\Lecture 5\Lecture 5 Exercise 01\Lecture 5 Exercise 01\renderer.cpp : error : L0039: reference to undefined symbol `sce::Gnm::printErrorMessage(char const*, unsigned int, char const*, char const*, ...)' in file "E:\Console Development\Lecture 5\Lecture 5 Exercise 01\Lecture 5 Exercise 01\ORBIS_Debug\renderer.o"
     1>E:\Console Development\Lecture 5\Lecture 5 Exercise 01\Lecture 5 Exercise 01\renderer.cpp : error : L0039: reference to undefined symbol `sce::Gnm::getErrorResponseLevel()' in file "E:\Console Development\Lecture 5\Lecture 5 Exercise 01\Lecture 5 Exercise 01\ORBIS_Debug\renderer.o"
     1>E:\Console Development\Lecture 5\Lecture 5 Exercise 01\Lecture 5 Exercise 01\renderer.cpp : error : L0039: reference to undefined symbol `sce::Gnm::getErrorResponseLevel()' in file "E:\Console Development\Lecture 5\Lecture 5 Exercise 01\Lecture 5 Exercise 01\ORBIS_Debug\renderer.o"
     1>E:\Console Development\Lecture 5\Lecture 5 Exercise 01\Lecture 5 Exercise 01\renderer.cpp : error : L0039: reference to undefined symbol `sce::Gnm::printErrorMessage(char const*, unsigned int, char const*, char const*, ...)' in file "E:\Console Development\Lecture 5\Lecture 5 Exercise 01\Lecture 5 Exercise 01\ORBIS_Debug\renderer.o"
     1>E:\Console Development\Lecture 5\Lecture 5 Exercise 01\Lecture 5 Exercise 01\renderer.cpp : error : L0039: reference to undefined symbol `sce::Gnm::getErrorResponseLevel()' in file "E:\Console Development\Lecture 5\Lecture 5 Exercise 01\Lecture 5 Exercise 01\ORBIS_Debug\renderer.o"
     1>E:\Console Development\Lecture 5\Lecture 5 Exercise 01\Lecture 5 Exercise 01\renderer.cpp : error : L0039: reference to undefined symbol `sce::Gnm::getErrorResponseLevel()' in file "E:\Console Development\Lecture 5\Lecture 5 Exercise 01\Lecture 5 Exercise 01\ORBIS_Debug\renderer.o"
     1>E:\Console Development\Lecture 5\Lecture 5 Exercise 01\Lecture 5 Exercise 01\renderer.cpp : error : L0039: reference to undefined symbol `sce::Gnm::printErrorMessage(char const*, unsigned int, char const*, char const*, ...)' in file "E:\Console Development\Lecture 5\Lecture 5 Exercise 01\Lecture 5 Exercise 01\ORBIS_Debug\renderer.o"
     1>E:\Console Development\Lecture 5\Lecture 5 Exercise 01\Lecture 5 Exercise 01\renderer.cpp : error : L0039: reference to undefined symbol `sce::Gnm::getErrorResponseLevel()' in file "E:\Console Development\Lecture 5\Lecture 5 Exercise 01\Lecture 5 Exercise 01\ORBIS_Debug\renderer.o"
     1>E:\Console Development\Lecture 5\Lecture 5 Exercise 01\Lecture 5 Exercise 01\renderer.cpp : error : L0039: reference to undefined symbol `sce::Gnmx::ConstantUpdateEngine::initializeInputsCache(sce::Gnmx::ConstantUpdateEngine::InputParameterCache*, sce::Gnm::InputUsageSlot const*, unsigned int)' in file "E:\Console Development\Lecture 5\Lecture 5 Exercise 01\Lecture 5 Exercise 01\ORBIS_Debug\renderer.o"
     1>E:\Console Development\Lecture 5\Lecture 5 Exercise 01\Lecture 5 Exercise 01\renderer.cpp : error : L0039: reference to undefined symbol `sce::Gnmx::ConstantUpdateEngine::setPsShader(sce::Gnmx::PsShader const*, sce::Gnmx::ConstantUpdateEngine::InputParameterCache const*)' in file "E:\Console Development\Lecture 5\Lecture 5 Exercise 01\Lecture 5 Exercise 01\ORBIS_Debug\renderer.o"
     1>E:\Console Development\Lecture 5\Lecture 5 Exercise 01\Lecture 5 Exercise 01\renderer.cpp : error : L0039: reference to undefined symbol `sce::Gnmx::ConstantUpdateEngine::initializeInputsCache(sce::Gnmx::ConstantUpdateEngine::InputParameterCache*, sce::Gnm::InputUsageSlot const*, unsigned int)' in file "E:\Console Development\Lecture 5\Lecture 5 Exercise 01\Lecture 5 Exercise 01\ORBIS_Debug\renderer.o"
     1>E:\Console Development\Lecture 5\Lecture 5 Exercise 01\Lecture 5 Exercise 01\renderer.cpp : error : L0039: reference to undefined symbol `sce::Gnmx::ConstantUpdateEngine::setVsShader(sce::Gnmx::VsShader const*, unsigned int, void*, sce::Gnmx::ConstantUpdateEngine::InputParameterCache const*)' in file "E:\Console Development\Lecture 5\Lecture 5 Exercise 01\Lecture 5 Exercise 01\ORBIS_Debug\renderer.o"
     1>E:\Console Development\Lecture 5\Lecture 5 Exercise 01\Lecture 5 Exercise 01\renderer.cpp : error : L0039: reference to undefined symbol `sce::Gnm::DrawCommandBuffer::pushMarker(char const*)' in file "E:\Console Development\Lecture 5\Lecture 5 Exercise 01\Lecture 5 Exercise 01\ORBIS_Debug\renderer.o"
     1>E:\Console Development\Lecture 5\Lecture 5 Exercise 01\Lecture 5 Exercise 01\renderer.cpp : error : L0039: reference to undefined symbol `sce::Gnm::DrawCommandBuffer::setDbRenderControl(sce::Gnm::DbRenderControl)' in file "E:\Console Development\Lecture 5\Lecture 5 Exercise 01\Lecture 5 Exercise 01\ORBIS_Debug\renderer.o"
     1>E:\Console Development\Lecture 5\Lecture 5 Exercise 01\Lecture 5 Exercise 01\renderer.cpp : error : L0039: reference to undefined symbol `sce::Gnm::DrawCommandBuffer::setDepthClearValue(float)' in file "E:\Console Development\Lecture 5\Lecture 5 Exercise 01\Lecture 5 Exercise 01\ORBIS_Debug\renderer.o"
     1>E:\Console Development\Lecture 5\Lecture 5 Exercise 01\Lecture 5 Exercise 01\renderer.cpp : error : L0039: reference to undefined symbol `sce::Gnm::DrawCommandBuffer::popMarker()' in file "E:\Console Development\Lecture 5\Lecture 5 Exercise 01\Lecture 5 Exercise 01\ORBIS_Debug\renderer.o"
     1>E:\Console Development\Lecture 5\Lecture 5 Exercise 01\Lecture 5 Exercise 01\renderer.cpp : error : L0039: reference to undefined symbol `sce::Gnm::RenderTarget::getDataFormat() const' in file "E:\Console Development\Lecture 5\Lecture 5 Exercise 01\Lecture 5 Exercise 01\ORBIS_Debug\renderer.o"
     1>E:\Console Development\Lecture 5\Lecture 5 Exercise 01\Lecture 5 Exercise 01\renderer.cpp : error : L0039: reference to undefined symbol `sce::Gnm::DataFormat::getBytesPerElement() const' in file "E:\Console Development\Lecture 5\Lecture 5 Exercise 01\Lecture 5 Exercise 01\ORBIS_Debug\renderer.o"
     1>E:\Console Development\Lecture 5\Lecture 5 Exercise 01\Lecture 5 Exercise 01\renderer.cpp : error : L0039: reference to undefined symbol `sce::Gnmx::ConstantUpdateEngine::setRwBuffer(sce::Gnm::ShaderStage, unsigned int, sce::Gnm::Buffer const*)' in file "E:\Console Development\Lecture 5\Lecture 5 Exercise 01\Lecture 5 Exercise 01\ORBIS_Debug\renderer.o"
     1>E:\Console Development\Lecture 5\Lecture 5 Exercise 01\Lecture 5 Exercise 01\renderer.cpp : error : L0039: reference to undefined symbol `sce::Gnmx::ConstantUpdateEngine::setRwBuffers(sce::Gnm::ShaderStage, unsigned int, unsigned int, sce::Gnm::Buffer const*)' in file "E:\Console Development\Lecture 5\Lecture 5 Exercise 01\Lecture 5 Exercise 01\ORBIS_Debug\renderer.o"
     1>E:\Console Development\Lecture 5\Lecture 5 Exercise 01\Lecture 5 Exercise 01\renderer.cpp : error : L0039: reference to undefined symbol `sce::Gnmx::ConstantUpdateEngine::setBuffer(sce::Gnm::ShaderStage, unsigned int, sce::Gnm::Buffer const*)' in file "E:\Console Development\Lecture 5\Lecture 5 Exercise 01\Lecture 5 Exercise 01\ORBIS_Debug\renderer.o"
     1>E:\Console Development\Lecture 5\Lecture 5 Exercise 01\Lecture 5 Exercise 01\renderer.cpp : error : L0039: reference to undefined symbol `sce::Gnmx::ConstantUpdateEngine::setBuffers(sce::Gnm::ShaderStage, unsigned int, unsigned int, sce::Gnm::Buffer const*)' in file "E:\Console Development\Lecture 5\Lecture 5 Exercise 01\Lecture 5 Exercise 01\ORBIS_Debug\renderer.o"
     1>E:\Console Development\Lecture 5\Lecture 5 Exercise 01\Lecture 5 Exercise 01\renderer.cpp : error : L0039: reference to undefined symbol `sce::Gnmx::ConstantUpdateEngine::preDispatch()' in file "E:\Console Development\Lecture 5\Lecture 5 Exercise 01\Lecture 5 Exercise 01\ORBIS_Debug\renderer.o"
     1>E:\Console Development\Lecture 5\Lecture 5 Exercise 01\Lecture 5 Exercise 01\renderer.cpp : error : L0039: reference to undefined symbol `sce::Gnm::DrawCommandBuffer::dispatch(unsigned int, unsigned int, unsigned int)' in file "E:\Console Development\Lecture 5\Lecture 5 Exercise 01\Lecture 5 Exercise 01\ORBIS_Debug\renderer.o"
     1>E:\Console Development\Lecture 5\Lecture 5 Exercise 01\Lecture 5 Exercise 01\renderer.cpp : error : L0039: reference to undefined symbol `sce::Gnmx::ConstantUpdateEngine::postDispatch()' in file "E:\Console Development\Lecture 5\Lecture 5 Exercise 01\Lecture 5 Exercise 01\ORBIS_Debug\renderer.o"
     1>E:\Console Development\Lecture 5\Lecture 5 Exercise 01\Lecture 5 Exercise 01\renderer.cpp : error : L0039: reference to undefined symbol `sce::Gnmx::ConstantUpdateEngine::initializeInputsCache(sce::Gnmx::ConstantUpdateEngine::InputParameterCache*, sce::Gnm::InputUsageSlot const*, unsigned int)' in file "E:\Console Development\Lecture 5\Lecture 5 Exercise 01\Lecture 5 Exercise 01\ORBIS_Debug\renderer.o"
     1>E:\Console Development\Lecture 5\Lecture 5 Exercise 01\Lecture 5 Exercise 01\renderer.cpp : error : L0039: reference to undefined symbol `sce::Gnmx::ConstantUpdateEngine::setCsShader(sce::Gnmx::CsShader const*, sce::Gnmx::ConstantUpdateEngine::InputParameterCache const*)' in file "E:\Console Development\Lecture 5\Lecture 5 Exercise 01\Lecture 5 Exercise 01\ORBIS_Debug\renderer.o"
     1>E:\Console Development\Lecture 5\Lecture 5 Exercise 01\Lecture 5 Exercise 01\renderer.cpp : error : L0039: reference to undefined symbol `sce::Gnm::DispatchCommandBuffer::initializeDefaultHardwareState()' in file "E:\Console Development\Lecture 5\Lecture 5 Exercise 01\Lecture 5 Exercise 01\ORBIS_Debug\renderer.o"
     1>E:\Console Development\Lecture 5\Lecture 5 Exercise 01\Lecture 5 Exercise 01\renderer.cpp : error : L0039: reference to undefined symbol `sce::Gnm::DispatchCommandBuffer::setComputeResourceManagement(sce::Gnm::ShaderEngine, unsigned short)' in file "E:\Console Development\Lecture 5\Lecture 5 Exercise 01\Lecture 5 Exercise 01\ORBIS_Debug\renderer.o"
     1>E:\Console Development\Lecture 5\Lecture 5 Exercise 01\Lecture 5 Exercise 01\renderer.cpp : error : L0039: reference to undefined symbol `sce::Gnm::DispatchCommandBuffer::setComputeResourceManagement(sce::Gnm::ShaderEngine, unsigned short)' in file "E:\Console Development\Lecture 5\Lecture 5 Exercise 01\Lecture 5 Exercise 01\ORBIS_Debug\renderer.o"
     1>E:\Console Development\Lecture 5\Lecture 5 Exercise 01\Lecture 5 Exercise 01\renderer.cpp : error : L0039: reference to undefined symbol `sce::Gnm::DrawCommandBuffer::initializeDefaultHardwareState()' in file "E:\Console Development\Lecture 5\Lecture 5 Exercise 01\Lecture 5 Exercise 01\ORBIS_Debug\renderer.o"
     1>E:\Console Development\Lecture 5\Lecture 5 Exercise 01\Lecture 5 Exercise 01\renderer.cpp : error : L0039: reference to undefined symbol `sce::Gnm::getErrorResponseLevel()' in file "E:\Console Development\Lecture 5\Lecture 5 Exercise 01\Lecture 5 Exercise 01\ORBIS_Debug\renderer.o"
     1>E:\Console Development\Lecture 5\Lecture 5 Exercise 01\Lecture 5 Exercise 01\renderer.cpp : error : L0039: reference to undefined symbol `sce::Gnm::printErrorMessage(char const*, unsigned int, char const*, char const*, ...)' in file "E:\Console Development\Lecture 5\Lecture 5 Exercise 01\Lecture 5 Exercise 01\ORBIS_Debug\renderer.o"
     1>E:\Console Development\Lecture 5\Lecture 5 Exercise 01\Lecture 5 Exercise 01\renderer.cpp : error : L0039: reference to undefined symbol `sce::Gnm::getErrorResponseLevel()' in file "E:\Console Development\Lecture 5\Lecture 5 Exercise 01\Lecture 5 Exercise 01\ORBIS_Debug\renderer.o"
     1>E:\Console Development\Lecture 5\Lecture 5 Exercise 01\Lecture 5 Exercise 01\renderer.cpp : error : L0039: reference to undefined symbol `sce::Gnm::getErrorResponseLevel()' in file "E:\Console Development\Lecture 5\Lecture 5 Exercise 01\Lecture 5 Exercise 01\ORBIS_Debug\renderer.o"
     1>E:\Console Development\Lecture 5\Lecture 5 Exercise 01\Lecture 5 Exercise 01\renderer.cpp : error : L0039: reference to undefined symbol `sce::Gnm::printErrorMessage(char const*, unsigned int, char const*, char const*, ...)' in file "E:\Console Development\Lecture 5\Lecture 5 Exercise 01\Lecture 5 Exercise 01\ORBIS_Debug\renderer.o"
     1>E:\Console Development\Lecture 5\Lecture 5 Exercise 01\Lecture 5 Exercise 01\renderer.cpp : error : L0039: reference to undefined symbol `sce::Gnm::getErrorResponseLevel()' in file "E:\Console Development\Lecture 5\Lecture 5 Exercise 01\Lecture 5 Exercise 01\ORBIS_Debug\renderer.o"
     1>E:\Console Development\Lecture 5\Lecture 5 Exercise 01\Lecture 5 Exercise 01\renderer.cpp : error : L0039: reference to undefined symbol `sce::Gnm::getErrorResponseLevel()' in file "E:\Console Development\Lecture 5\Lecture 5 Exercise 01\Lecture 5 Exercise 01\ORBIS_Debug\renderer.o"
     1>E:\Console Development\Lecture 5\Lecture 5 Exercise 01\Lecture 5 Exercise 01\renderer.cpp : error : L0039: reference to undefined symbol `sce::Gnm::printErrorMessage(char const*, unsigned int, char const*, char const*, ...)' in file "E:\Console Development\Lecture 5\Lecture 5 Exercise 01\Lecture 5 Exercise 01\ORBIS_Debug\renderer.o"
     1>E:\Console Development\Lecture 5\Lecture 5 Exercise 01\Lecture 5 Exercise 01\renderer.cpp : error : L0039: reference to undefined symbol `sce::Gnm::getErrorResponseLevel()' in file "E:\Console Development\Lecture 5\Lecture 5 Exercise 01\Lecture 5 Exercise 01\ORBIS_Debug\renderer.o"
     1>E:\Console Development\Lecture 5\Lecture 5 Exercise 01\Lecture 5 Exercise 01\renderer.cpp : error : L0039: reference to undefined symbol `sce::Gnm::getErrorResponseLevel()' in file "E:\Console Development\Lecture 5\Lecture 5 Exercise 01\Lecture 5 Exercise 01\ORBIS_Debug\renderer.o"
     1>E:\Console Development\Lecture 5\Lecture 5 Exercise 01\Lecture 5 Exercise 01\renderer.cpp : error : L0039: reference to undefined symbol `sce::Gnm::printErrorMessage(char const*, unsigned int, char const*, char const*, ...)' in file "E:\Console Development\Lecture 5\Lecture 5 Exercise 01\Lecture 5 Exercise 01\ORBIS_Debug\renderer.o"
     1>E:\Console Development\Lecture 5\Lecture 5 Exercise 01\Lecture 5 Exercise 01\renderer.cpp : error : L0039: reference to undefined symbol `sce::Gnm::getErrorResponseLevel()' in file "E:\Console Development\Lecture 5\Lecture 5 Exercise 01\Lecture 5 Exercise 01\ORBIS_Debug\renderer.o"
     1>E:\Console Development\Lecture 5\Lecture 5 Exercise 01\Lecture 5 Exercise 01\renderer.cpp : error : L0039: reference to undefined symbol `sce::Gnm::getErrorResponseLevel()' in file "E:\Console Development\Lecture 5\Lecture 5 Exercise 01\Lecture 5 Exercise 01\ORBIS_Debug\renderer.o"
     1>E:\Console Development\Lecture 5\Lecture 5 Exercise 01\Lecture 5 Exercise 01\renderer.cpp : error : L0039: reference to undefined symbol `sce::Gnm::printErrorMessage(char const*, unsigned int, char const*, char const*, ...)' in file "E:\Console Development\Lecture 5\Lecture 5 Exercise 01\Lecture 5 Exercise 01\ORBIS_Debug\renderer.o"
     1>E:\Console Development\Lecture 5\Lecture 5 Exercise 01\Lecture 5 Exercise 01\renderer.cpp : error : L0039: reference to undefined symbol `sce::Gnm::getErrorResponseLevel()' in file "E:\Console Development\Lecture 5\Lecture 5 Exercise 01\Lecture 5 Exercise 01\ORBIS_Debug\renderer.o"
     1>E:\Console Development\Lecture 5\Lecture 5 Exercise 01\Lecture 5 Exercise 01\renderer.cpp : error : L0039: reference to undefined symbol `sce::Gnm::getErrorResponseLevel()' in file "E:\Console Development\Lecture 5\Lecture 5 Exercise 01\Lecture 5 Exercise 01\ORBIS_Debug\renderer.o"
     1>E:\Console Development\Lecture 5\Lecture 5 Exercise 01\Lecture 5 Exercise 01\renderer.cpp : error : L0039: reference to undefined symbol `sce::Gnm::printErrorMessage(char const*, unsigned int, char const*, char const*, ...)' in file "E:\Console Development\Lecture 5\Lecture 5 Exercise 01\Lecture 5 Exercise 01\ORBIS_Debug\renderer.o"
     1>E:\Console Development\Lecture 5\Lecture 5 Exercise 01\Lecture 5 Exercise 01\renderer.cpp : error : L0039: reference to undefined symbol `sce::Gnm::getErrorResponseLevel()' in file "E:\Console Development\Lecture 5\Lecture 5 Exercise 01\Lecture 5 Exercise 01\ORBIS_Debug\renderer.o"
     1>E:\Console Development\Lecture 5\Lecture 5 Exercise 01\Lecture 5 Exercise 01\renderer.cpp : error : L0039: reference to undefined symbol `sce::Gnm::getErrorResponseLevel()' in file "E:\Console Development\Lecture 5\Lecture 5 Exercise 01\Lecture 5 Exercise 01\ORBIS_Debug\renderer.o"
     1>E:\Console Development\Lecture 5\Lecture 5 Exercise 01\Lecture 5 Exercise 01\renderer.cpp : error : L0039: reference to undefined symbol `sce::Gnm::printErrorMessage(char const*, unsigned int, char const*, char const*, ...)' in file "E:\Console Development\Lecture 5\Lecture 5 Exercise 01\Lecture 5 Exercise 01\ORBIS_Debug\renderer.o"
     1>E:\Console Development\Lecture 5\Lecture 5 Exercise 01\Lecture 5 Exercise 01\renderer.cpp : error : L0039: reference to undefined symbol `sce::Gnm::getErrorResponseLevel()' in file "E:\Console Development\Lecture 5\Lecture 5 Exercise 01\Lecture 5 Exercise 01\ORBIS_Debug\renderer.o"
     1>E:\Console Development\Lecture 5\Lecture 5 Exercise 01\Lecture 5 Exercise 01\renderer.cpp : error : L0039: reference to undefined symbol `sce::Gnm::getErrorResponseLevel()' in file "E:\Console Development\Lecture 5\Lecture 5 Exercise 01\Lecture 5 Exercise 01\ORBIS_Debug\renderer.o"
     1>E:\Console Development\Lecture 5\Lecture 5 Exercise 01\Lecture 5 Exercise 01\renderer.cpp : error : L0039: reference to undefined symbol `sce::Gnm::printErrorMessage(char const*, unsigned int, char const*, char const*, ...)' in file "E:\Console Development\Lecture 5\Lecture 5 Exercise 01\Lecture 5 Exercise 01\ORBIS_Debug\renderer.o"
     1>E:\Console Development\Lecture 5\Lecture 5 Exercise 01\Lecture 5 Exercise 01\renderer.cpp : error : L0039: reference to undefined symbol `sce::Gnm::getErrorResponseLevel()' in file "E:\Console Development\Lecture 5\Lecture 5 Exercise 01\Lecture 5 Exercise 01\ORBIS_Debug\renderer.o"
     1>E:\Console Development\Lecture 5\Lecture 5 Exercise 01\Lecture 5 Exercise 01\renderer.cpp : error : L0039: reference to undefined symbol `sce::Gnm::getErrorResponseLevel()' in file "E:\Console Development\Lecture 5\Lecture 5 Exercise 01\Lecture 5 Exercise 01\ORBIS_Debug\renderer.o"
     1>E:\Console Development\Lecture 5\Lecture 5 Exercise 01\Lecture 5 Exercise 01\renderer.cpp : error : L0039: reference to undefined symbol `sce::Gnm::printErrorMessage(char const*, unsigned int, char const*, char const*, ...)' in file "E:\Console Development\Lecture 5\Lecture 5 Exercise 01\Lecture 5 Exercise 01\ORBIS_Debug\renderer.o"
     1>E:\Console Development\Lecture 5\Lecture 5 Exercise 01\Lecture 5 Exercise 01\renderer.cpp : error : L0039: reference to undefined symbol `sce::Gnm::getErrorResponseLevel()' in file "E:\Console Development\Lecture 5\Lecture 5 Exercise 01\Lecture 5 Exercise 01\ORBIS_Debug\renderer.o"
     1>E:\Console Development\Lecture 5\Lecture 5 Exercise 01\Lecture 5 Exercise 01\renderer.cpp : error : L0039: reference to undefined symbol `sce::Gnmx::GfxContext::GfxContext()' in file "E:\Console Development\Lecture 5\Lecture 5 Exercise 01\Lecture 5 Exercise 01\ORBIS_Debug\renderer.o"
     1>orbis-clang.exe : error : linker command failed with exit code 1 (use -v to see invocation)
     1>Done Building Project "E:\Console Development\Lecture 5\Lecture 5 Exercise 01\Lecture 5 Exercise 01\Lecture 5 Exercise 01.vcxproj" (Build target(s)) -- FAILED.

Build FAILED.

Time Elapsed 00:00:00.76
